Started by user [8mha:////4AhlRaq169YIBUnKlYg5ZYaHOle/uf9lSA/kpjoPteDYAAAAlx+LCAAAAAAAAP9b85aBtbiIQTGjNKU4P08vOT+vOD8nVc83PyU1x6OyILUoJzMv2y+/JJUBAhiZGBgqihhk0NSjKDWzXb3RdlLBUSYGJk8GtpzUvPSSDB8G5tKinBIGIZ+sxLJE/ZzEvHT94JKizLx0a6BxUmjGOUNodHsLgAzeEgZu/dLi1CL9xJTczDwACG0V4sAAAAA=[0mAdministrator
Running as SYSTEM
Building remotely on [8mha:////4BDsxsMwAlYOVNcIJaxdD4peD5mkLXroocideHsMJY9IAAAAox+LCAAAAAAAAP9b85aBtbiIQTGjNKU4P08vOT+vOD8nVc83PyU1x6OyILUoJzMv2y+/JJUBAhiZGBgqihhk0NSjKDWzXb3RdlLBUSYGJk8GtpzUvPSSDB8G5tKinBIGIZ+sxLJE/ZzEvHT94JKizLx0a6BxUmjGOUNodHsLgAzeEgZx/eT83ILSktQi/azUvOzMvGLdxPTUvBIAjWbCM8wAAAA=[0mjenkins-agent in workspace /home/jenkins/agent/workspace/jenkins-docker-maven-example-awsdemo
The recommended git tool is: NONE
No credentials specified
Cloning the remote Git repository
Cloning repository https://github.com/nidhigupta12/AWSDemo.git
 > git init /home/jenkins/agent/workspace/jenkins-docker-maven-example-awsdemo # timeout=10
Fetching upstream changes from https://github.com/nidhigupta12/AWSDemo.git
 > git --version # timeout=10
 > git --version # 'git version 2.30.2'
 > git fetch --tags --force --progress -- https://github.com/nidhigupta12/AWSDemo.git +refs/heads/*:refs/remotes/origin/* # timeout=10
 > git config remote.origin.url https://github.com/nidhigupta12/AWSDemo.git # timeout=10
 > git config --add remote.origin.fetch +refs/heads/*:refs/remotes/origin/* # timeout=10
Avoid second fetch
 > git rev-parse refs/remotes/origin/master^{commit} # timeout=10
Checking out Revision 1e6a422abe87e0167323d1ca91a6f01ae11d9f20 (refs/remotes/origin/master)
 > git config core.sparsecheckout # timeout=10
 > git checkout -f 1e6a422abe87e0167323d1ca91a6f01ae11d9f20 # timeout=10
Commit message: "Update"
 > git rev-list --no-walk 1e6a422abe87e0167323d1ca91a6f01ae11d9f20 # timeout=10
Unpacking https://repo.maven.apache.org/maven2/org/apache/maven/apache-maven/3.8.6/apache-maven-3.8.6-bin.zip to /home/jenkins/agent/tools/hudson.tasks.Maven_MavenInstallation/MAVEN_3.8.6 on jenkins-agent
[jenkins-docker-maven-example-awsdemo] $ /home/jenkins/agent/tools/hudson.tasks.Maven_MavenInstallation/MAVEN_3.8.6/bin/mvn package
[INFO] Scanning for projects...
[INFO] 
[INFO] --------------------< com.javawebtutor:LoginWebApp >--------------------
[INFO] Building LoginWebApp Maven Webapp 1.0-SNAPSHOT
[INFO] --------------------------------[ war ]---------------------------------
Downloading from central: https://repo.maven.apache.org/maven2/org/jfrog/buildinfo/artifactory-maven-plugin/2.6.1/artifactory-maven-plugin-2.6.1.pom
[INFO] ------------------------------------------------------------------------
[INFO] BUILD FAILURE
[INFO] ------------------------------------------------------------------------
[INFO] Total time:  1.189 s
[INFO] Finished at: 2022-09-20T16:47:47Z
[INFO] ------------------------------------------------------------------------
[8mha:////4M/myKbg7VtEFxwRjLLQYZIF2/eaUonluGEWpZK8+mtTAAAAYB+LCAAAAAAAAP9b85aBtbiIQSmjNKU4P0+vJLE4u1gvPjexLDVPzxdEuhYV5Rf55Zek1m9pfpLfVWLNxMBQUcQgBdWQnJ9XnJ+TqucMoUEKGSCAEaSwAABqVhoSYAAAAA==[0m[ERROR] Plugin org.jfrog.buildinfo:artifactory-maven-plugin:2.6.1 or one of its dependencies could not be resolved: Failed to read artifact descriptor for org.jfrog.buildinfo:artifactory-maven-plugin:jar:2.6.1: Could not transfer artifact org.jfrog.buildinfo:artifactory-maven-plugin:pom:2.6.1 from/to maven-default-http-blocker (http://0.0.0.0/): Blocked mirror for repositories: [central (http://jcenter.bintray.com, default, releases)] -> [Help 1]
[8mha:////4M/myKbg7VtEFxwRjLLQYZIF2/eaUonluGEWpZK8+mtTAAAAYB+LCAAAAAAAAP9b85aBtbiIQSmjNKU4P0+vJLE4u1gvPjexLDVPzxdEuhYV5Rf55Zek1m9pfpLfVWLNxMBQUcQgBdWQnJ9XnJ+TqucMoUEKGSCAEaSwAABqVhoSYAAAAA==[0m[ERROR] 
[8mha:////4M/myKbg7VtEFxwRjLLQYZIF2/eaUonluGEWpZK8+mtTAAAAYB+LCAAAAAAAAP9b85aBtbiIQSmjNKU4P0+vJLE4u1gvPjexLDVPzxdEuhYV5Rf55Zek1m9pfpLfVWLNxMBQUcQgBdWQnJ9XnJ+TqucMoUEKGSCAEaSwAABqVhoSYAAAAA==[0m[ERROR] To see the full stack trace of the errors, re-run Maven with the -e switch.
[8mha:////4M/myKbg7VtEFxwRjLLQYZIF2/eaUonluGEWpZK8+mtTAAAAYB+LCAAAAAAAAP9b85aBtbiIQSmjNKU4P0+vJLE4u1gvPjexLDVPzxdEuhYV5Rf55Zek1m9pfpLfVWLNxMBQUcQgBdWQnJ9XnJ+TqucMoUEKGSCAEaSwAABqVhoSYAAAAA==[0m[ERROR] Re-run Maven using the -X switch to enable full debug logging.
[8mha:////4M/myKbg7VtEFxwRjLLQYZIF2/eaUonluGEWpZK8+mtTAAAAYB+LCAAAAAAAAP9b85aBtbiIQSmjNKU4P0+vJLE4u1gvPjexLDVPzxdEuhYV5Rf55Zek1m9pfpLfVWLNxMBQUcQgBdWQnJ9XnJ+TqucMoUEKGSCAEaSwAABqVhoSYAAAAA==[0m[ERROR] 
[8mha:////4M/myKbg7VtEFxwRjLLQYZIF2/eaUonluGEWpZK8+mtTAAAAYB+LCAAAAAAAAP9b85aBtbiIQSmjNKU4P0+vJLE4u1gvPjexLDVPzxdEuhYV5Rf55Zek1m9pfpLfVWLNxMBQUcQgBdWQnJ9XnJ+TqucMoUEKGSCAEaSwAABqVhoSYAAAAA==[0m[ERROR] For more information about the errors and possible solutions, please read the following articles:
[8mha:////4M/myKbg7VtEFxwRjLLQYZIF2/eaUonluGEWpZK8+mtTAAAAYB+LCAAAAAAAAP9b85aBtbiIQSmjNKU4P0+vJLE4u1gvPjexLDVPzxdEuhYV5Rf55Zek1m9pfpLfVWLNxMBQUcQgBdWQnJ9XnJ+TqucMoUEKGSCAEaSwAABqVhoSYAAAAA==[0m[ERROR] [Help 1] http://cwiki.apache.org/confluence/display/MAVEN/PluginResolutionException
Build step 'Invoke top-level Maven targets' marked build as failure
Finished: FAILURE
