Started by user [8mha:////4AhlRaq169YIBUnKlYg5ZYaHOle/uf9lSA/kpjoPteDYAAAAlx+LCAAAAAAAAP9b85aBtbiIQTGjNKU4P08vOT+vOD8nVc83PyU1x6OyILUoJzMv2y+/JJUBAhiZGBgqihhk0NSjKDWzXb3RdlLBUSYGJk8GtpzUvPSSDB8G5tKinBIGIZ+sxLJE/ZzEvHT94JKizLx0a6BxUmjGOUNodHsLgAzeEgZu/dLi1CL9xJTczDwACG0V4sAAAAA=[0mAdministrator
[8mha:////4N2CtjDBKetBRT4EG7P53a4kZ/gqXO8TbPyh/Ow5qePJAAAAoh+LCAAAAAAAAP9tjTEOwjAQBM8BClpKHuFItIiK1krDC0x8GCfWnbEdkooX8TX+gCESFVvtrLSa5wtWKcKBo5UdUu8otU4GP9jS5Mixv3geZcdn2TIl9igbHBs2eJyx4YwwR1SwULBGaj0nRzbDRnX6rmuvydanHMu2V1A5c4MHCFXMWcf8hSnC9jqYxPTz/BXAFEIGsfuclm8zQVqFvQAAAA==[0m[Pipeline] Start of Pipeline
[8mha:////4N0o9grGJ8K9Hs9odcguemDtPRpSLaKYtzdd0RZMTFfZAAAApR+LCAAAAAAAAP9tjTEOwjAUQ3+KOrAycohUghExsUZZOEFIQkgb/d8mKe3EibgadyBQiQlLlmxL1nu+oE4RjhQdby12HpP2vA+jK4lPFLtroIm3dOGaMFGwXNpJkrGnpUrKFhaxClYC1hZ1oOTRZdiIVt1VExS65pxj2Q4CKm8GeAAThZxVzN8yR9jeRpMIf5y/AJj7DGxXvP/86jduZBmjwAAAAA==[0m[Pipeline] node
Running on [8mha:////4BCmxpXPwFrv36q1Ix/LoSOyeU6R0MaV2pYHsKzlAc0TAAAAoR+LCAAAAAAAAP9b85aBtbiIQTGjNKU4P08vOT+vOD8nVc83PyU1x6OyILUoJzMv2y+/JJUBAhiZGBgqihhk0NSjKDWzXb3RdlLBUSYGJk8GtpzUvPSSDB8G5tKinBIGIZ+sxLJE/ZzEvHT94JKizLx0a6BxUmjGOUNodHsLgAz2EgZR/eT83ILSktQifY2k0sycEt3MPE19AHHxbH3KAAAA[0mJenkins in /var/jenkins_home/workspace/jenkins-docker-maven-github-example
[8mha:////4GQGMW+Cqy1tKHF3lBPZ3xhyl6HCiNnfjAy3YGtXFYfmAAAApR+LCAAAAAAAAP9tjTEOwjAUQ3+KOrAycoh0gA0xsUZZOEFIQkgb/d8mKe3EibgadyBQiQlLlmxL1nu+oE4RjhQdby12HpP2vA+jK4lPFLtroIm3dOGaMFGwXNpJkrGnpUrKFhaxClYC1hZ1oOTRZdiIVt1VExS65pxj2Q4CKm8GeAAThZxVzN8yR9jeRpMIf5y/AJj7DGxXvP/86jfoP95RwAAAAA==[0m[Pipeline] {
[8mha:////4KwjGsbIrX0CqlMKwosF8zyB1E99YTVV2VMrPZ/Bb55fAAAApR+LCAAAAAAAAP9tjTEOwjAUQ3+KOrAycoh0gQkxsUZZOEFIQkgb/d8mKe3EibgadyBQiQlLlmxL1nu+oE4RjhQdby12HpP2vA+jK4lPFLtroIm3dOGaMFGwXNpJkrGnpUrKFhaxClYC1hZ1oOTRZdiIVt1VExS65pxj2Q4CKm8GeAAThZxVzN8yR9jeRpMIf5y/AJj7DGxXvP/86jc09154wAAAAA==[0m[Pipeline] stage
[8mha:////4JHLggDML2SycytlrcwitRpydQ3VWuN02j2R5Q+lgBf1AAAApR+LCAAAAAAAAP9tjTEOwjAUQ3+KOrAycoh0ggUxsUZZOEFIQkgb/d8mKe3EibgadyBQiQlLlmxL1nu+oE4RjhQdby12HpP2vA+jK4lPFLtroIm3dOGaMFGwXNpJkrGnpUrKFhaxClYC1hZ1oOTRZdiIVt1VExS65pxj2Q4CKm8GeAAThZxVzN8yR9jeRpMIf5y/AJj7DGxXvP/86jek7ggRwAAAAA==[0m[Pipeline] { (log version info)
[8mha:////4Bz9v3TzBBwrRC/h1oaji3ohn7iez+vM5gyvIoi+Yh9AAAAAoh+LCAAAAAAAAP9tjTEOAiEURD9rLGwtPQTbaWGsbAmNJ0AWEZb8zwLrbuWJvJp3kLiJlZNMMm+a93rDOic4UbLcG+wdZu14DKOti0+U+lugiXu6ck2YKRguzSSpM+cFJRUDS1gDKwEbgzpQdmgLbIVXD9UGhba9lFS/o4DGdQM8gYlqLiqVL8wJdvexy4Q/z18BzLEA29ce4gfg7KmOvAAAAA==[0m[Pipeline] git
The recommended git tool is: NONE
No credentials specified
 > git rev-parse --resolve-git-dir /var/jenkins_home/workspace/jenkins-docker-maven-github-example/.git # timeout=10
Fetching changes from the remote Git repository
 > git config remote.origin.url https://github.com/learn-devops-fast/rock-paper-scissors.git # timeout=10
Fetching upstream changes from https://github.com/learn-devops-fast/rock-paper-scissors.git
 > git --version # timeout=10
 > git --version # 'git version 2.36.2'
 > git fetch --tags --force --progress -- https://github.com/learn-devops-fast/rock-paper-scissors.git +refs/heads/*:refs/remotes/origin/* # timeout=10
 > git rev-parse refs/remotes/origin/master^{commit} # timeout=10
Checking out Revision 34249ddb6f7e2ce748dd48b142363f1fb1fe8456 (refs/remotes/origin/master)
 > git config core.sparsecheckout # timeout=10
 > git checkout -f 34249ddb6f7e2ce748dd48b142363f1fb1fe8456 # timeout=10
 > git branch -a -v --no-abbrev # timeout=10
 > git branch -D master # timeout=10
 > git checkout -b master 34249ddb6f7e2ce748dd48b142363f1fb1fe8456 # timeout=10
Commit message: "Update rico.html"
 > git rev-list --no-walk 34249ddb6f7e2ce748dd48b142363f1fb1fe8456 # timeout=10
[8mha:////4MnsbUJRe49wPTCEIoUrDXXDzJHHkcQtnTy5eiUcwqemAAAAoh+LCAAAAAAAAP9tjTEOAiEURD9rLGwtPQTbGRNjZUtoPAGyiLDkfxZYdytP5NW8g8RNrJxkknnTvNcb1jnBiZLl3mDvMGvHYxhtXXyi1N8CTdzTlWvCTMFwaSZJnTkvKKkYWMIaWAnYGNSBskNbYCu8eqg2KLTtpaT6HQU0rhvgCUxUc1GpfGFOsLuPXSb8ef4KYI4F2L72ED8v8DEJvAAAAA==[0m[Pipeline] sh
+ mvn --version
Apache Maven 3.8.1 (05c21c65bdfed0f71a2f2ada8b84da59348c4c5d)
Maven home: /opt/maven
Java version: 11.0.16.1, vendor: Eclipse Adoptium, runtime: /opt/java/openjdk
Default locale: en_US, platform encoding: UTF-8
OS name: "linux", version: "5.10.102.1-microsoft-standard-wsl2", arch: "amd64", family: "unix"
[8mha:////4PMpBWU/Dv77a/gSmeoNucyi5wOu/XuFBy0Df+StMBAZAAAAoh+LCAAAAAAAAP9tjTEOAiEURD9rLGwtPQTbmRhjZUtoPAGyiLDkfxZYdytP5NW8g8RNrJxkknnTvNcb1jnBiZLl3mDvMGvHYxhtXXyi1N8CTdzTlWvCTMFwaSZJnTkvKKkYWMIaWAnYGNSBskNbYCu8eqg2KLTtpaT6HQU0rhvgCUxUc1GpfGFOsLuPXSb8ef4KYI4F2L72ED9uwSoQvAAAAA==[0m[Pipeline] sh
+ mvn clean install
[INFO] Scanning for projects...
[INFO] 
[INFO] -----------------------< com.mcnz.rps:roshambo >------------------------
[INFO] Building roshambo 1.0-SNAPSHOT
[INFO] --------------------------------[ jar ]---------------------------------
Downloading from central: https://repo.maven.apache.org/maven2/org/apache/maven/plugins/maven-clean-plugin/2.5/maven-clean-plugin-2.5.pom
Progress (1): 2.7/3.9 kBProgress (1): 3.9 kB                        Downloaded from central: https://repo.maven.apache.org/maven2/org/apache/maven/plugins/maven-clean-plugin/2.5/maven-clean-plugin-2.5.pom (3.9 kB at 4.9 kB/s)
Downloading from central: https://repo.maven.apache.org/maven2/org/apache/maven/plugins/maven-plugins/22/maven-plugins-22.pom
Progress (1): 2.7/13 kBProgress (1): 5.5/13 kBProgress (1): 8.2/13 kBProgress (1): 11/13 kB Progress (1): 13 kB                      Downloaded from central: https://repo.maven.apache.org/maven2/org/apache/maven/plugins/maven-plugins/22/maven-plugins-22.pom (13 kB at 159 kB/s)
Downloading from central: https://repo.maven.apache.org/maven2/org/apache/maven/maven-parent/21/maven-parent-21.pom
Progress (1): 2.7/26 kBProgress (1): 5.5/26 kBProgress (1): 8.2/26 kBProgress (1): 11/26 kB Progress (1): 14/26 kBProgress (1): 16/26 kBProgress (1): 19/26 kBProgress (1): 22/26 kBProgress (1): 25/26 kBProgress (1): 26 kB                      Downloaded from central: https://repo.maven.apache.org/maven2/org/apache/maven/maven-parent/21/maven-parent-21.pom (26 kB at 300 kB/s)
Downloading from central: https://repo.maven.apache.org/maven2/org/apache/apache/10/apache-10.pom
Downloaded from central: https://repo.maven.apache.org/maven2/org/apache/apache/10/apache-10.pom (0 B at 0 B/s)
Downloading from central: https://repo.maven.apache.org/maven2/org/apache/maven/plugins/maven-clean-plugin/2.5/maven-clean-plugin-2.5.jar
Progress (1): 4.1/25 kBProgress (1): 8.2/25 kBProgress (1): 12/25 kB Progress (1): 16/25 kBProgress (1): 20/25 kBProgress (1): 25/25 kBProgress (1): 25 kB                      Downloaded from central: https://repo.maven.apache.org/maven2/org/apache/maven/plugins/maven-clean-plugin/2.5/maven-clean-plugin-2.5.jar (25 kB at 324 kB/s)
Downloading from central: https://repo.maven.apache.org/maven2/org/apache/maven/plugins/maven-resources-plugin/2.6/maven-resources-plugin-2.6.pom
Progress (1): 4.1/8.1 kBProgress (1): 8.1 kB                        Downloaded from central: https://repo.maven.apache.org/maven2/org/apache/maven/plugins/maven-resources-plugin/2.6/maven-resources-plugin-2.6.pom (8.1 kB at 111 kB/s)
Downloading from central: https://repo.maven.apache.org/maven2/org/apache/maven/plugins/maven-plugins/23/maven-plugins-23.pom
Progress (1): 4.1/9.2 kBProgress (1): 8.2/9.2 kBProgress (1): 9.2 kB                        Downloaded from central: https://repo.maven.apache.org/maven2/org/apache/maven/plugins/maven-plugins/23/maven-plugins-23.pom (9.2 kB at 128 kB/s)
Downloading from central: https://repo.maven.apache.org/maven2/org/apache/maven/maven-parent/22/maven-parent-22.pom
Progress (1): 4.1/30 kBProgress (1): 8.2/30 kBProgress (1): 12/30 kB Progress (1): 16/30 kBProgress (1): 20/30 kBProgress (1): 24/30 kBProgress (1): 28/30 kBProgress (1): 30 kB                      Downloaded from central: https://repo.maven.apache.org/maven2/org/apache/maven/maven-parent/22/maven-parent-22.pom (30 kB at 372 kB/s)
Downloading from central: https://repo.maven.apache.org/maven2/org/apache/apache/11/apache-11.pom
Progress (1): 4.1/15 kBProgress (1): 8.2/15 kBProgress (1): 12/15 kB Progress (1): 15 kB                      Downloaded from central: https://repo.maven.apache.org/maven2/org/apache/apache/11/apache-11.pom (15 kB at 165 kB/s)
Downloading from central: https://repo.maven.apache.org/maven2/org/apache/maven/plugins/maven-resources-plugin/2.6/maven-resources-plugin-2.6.jar
Progress (1): 4.1/30 kBProgress (1): 8.2/30 kBProgress (1): 12/30 kB Progress (1): 16/30 kBProgress (1): 20/30 kBProgress (1): 25/30 kBProgress (1): 29/30 kBProgress (1): 30 kB                      Downloaded from central: https://repo.maven.apache.org/maven2/org/apache/maven/plugins/maven-resources-plugin/2.6/maven-resources-plugin-2.6.jar (30 kB at 374 kB/s)
Downloading from central: https://repo.maven.apache.org/maven2/org/apache/maven/plugins/maven-compiler-plugin/2.3.2/maven-compiler-plugin-2.3.2.pom
Progress (1): 4.1/7.3 kBProgress (1): 7.3 kB                        Downloaded from central: https://repo.maven.apache.org/maven2/org/apache/maven/plugins/maven-compiler-plugin/2.3.2/maven-compiler-plugin-2.3.2.pom (7.3 kB at 111 kB/s)
Downloading from central: https://repo.maven.apache.org/maven2/org/apache/maven/plugins/maven-plugins/18/maven-plugins-18.pom
Progress (1): 4.1/13 kBProgress (1): 8.2/13 kBProgress (1): 12/13 kB Progress (1): 13 kB                      Downloaded from central: https://repo.maven.apache.org/maven2/org/apache/maven/plugins/maven-plugins/18/maven-plugins-18.pom (13 kB at 140 kB/s)
Downloading from central: https://repo.maven.apache.org/maven2/org/apache/maven/maven-parent/16/maven-parent-16.pom
Downloaded from central: https://repo.maven.apache.org/maven2/org/apache/maven/maven-parent/16/maven-parent-16.pom (0 B at 0 B/s)
Downloading from central: https://repo.maven.apache.org/maven2/org/apache/apache/7/apache-7.pom
Downloaded from central: https://repo.maven.apache.org/maven2/org/apache/apache/7/apache-7.pom (0 B at 0 B/s)
Downloading from central: https://repo.maven.apache.org/maven2/org/apache/maven/plugins/maven-compiler-plugin/2.3.2/maven-compiler-plugin-2.3.2.jar
Progress (1): 4.1/29 kBProgress (1): 8.2/29 kBProgress (1): 12/29 kB Progress (1): 16/29 kBProgress (1): 20/29 kBProgress (1): 25/29 kBProgress (1): 29/29 kBProgress (1): 29 kB                      Downloaded from central: https://repo.maven.apache.org/maven2/org/apache/maven/plugins/maven-compiler-plugin/2.3.2/maven-compiler-plugin-2.3.2.jar (29 kB at 360 kB/s)
Downloading from central: https://repo.maven.apache.org/maven2/org/apache/maven/plugins/maven-surefire-plugin/2.12.4/maven-surefire-plugin-2.12.4.pom
Progress (1): 4.1/10 kBProgress (1): 8.2/10 kBProgress (1): 10 kB                       Downloaded from central: https://repo.maven.apache.org/maven2/org/apache/maven/plugins/maven-surefire-plugin/2.12.4/maven-surefire-plugin-2.12.4.pom (10 kB at 143 kB/s)
Downloading from central: https://repo.maven.apache.org/maven2/org/apache/maven/surefire/surefire/2.12.4/surefire-2.12.4.pom
Progress (1): 4.1/14 kBProgress (1): 8.2/14 kBProgress (1): 12/14 kB Progress (1): 14 kB                      Downloaded from central: https://repo.maven.apache.org/maven2/org/apache/maven/surefire/surefire/2.12.4/surefire-2.12.4.pom (14 kB at 164 kB/s)
Downloading from central: https://repo.maven.apache.org/maven2/org/apache/maven/plugins/maven-surefire-plugin/2.12.4/maven-surefire-plugin-2.12.4.jar
Progress (1): 4.1/30 kBProgress (1): 8.2/30 kBProgress (1): 12/30 kB Progress (1): 16/30 kBProgress (1): 20/30 kBProgress (1): 25/30 kBProgress (1): 29/30 kBProgress (1): 30 kB                      Downloaded from central: https://repo.maven.apache.org/maven2/org/apache/maven/plugins/maven-surefire-plugin/2.12.4/maven-surefire-plugin-2.12.4.jar (30 kB at 441 kB/s)
Downloading from central: https://repo.maven.apache.org/maven2/org/apache/maven/plugins/maven-jar-plugin/2.4/maven-jar-plugin-2.4.pom
Progress (1): 4.1/5.8 kBProgress (1): 5.8 kB                        Downloaded from central: https://repo.maven.apache.org/maven2/org/apache/maven/plugins/maven-jar-plugin/2.4/maven-jar-plugin-2.4.pom (5.8 kB at 88 kB/s)
Downloading from central: https://repo.maven.apache.org/maven2/org/apache/maven/plugins/maven-jar-plugin/2.4/maven-jar-plugin-2.4.jar
Progress (1): 4.1/34 kBProgress (1): 8.2/34 kBProgress (1): 12/34 kB Progress (1): 16/34 kBProgress (1): 20/34 kBProgress (1): 25/34 kBProgress (1): 29/34 kBProgress (1): 33/34 kBProgress (1): 34 kB                      Downloaded from central: https://repo.maven.apache.org/maven2/org/apache/maven/plugins/maven-jar-plugin/2.4/maven-jar-plugin-2.4.jar (34 kB at 442 kB/s)
Downloading from central: https://repo.maven.apache.org/maven2/org/apache/maven/plugins/maven-install-plugin/2.4/maven-install-plugin-2.4.pom
Progress (1): 4.1/6.4 kBProgress (1): 6.4 kB                        Downloaded from central: https://repo.maven.apache.org/maven2/org/apache/maven/plugins/maven-install-plugin/2.4/maven-install-plugin-2.4.pom (6.4 kB at 92 kB/s)
Downloading from central: https://repo.maven.apache.org/maven2/org/apache/maven/plugins/maven-install-plugin/2.4/maven-install-plugin-2.4.jar
Progress (1): 4.1/27 kBProgress (1): 8.2/27 kBProgress (1): 12/27 kB Progress (1): 16/27 kBProgress (1): 20/27 kBProgress (1): 25/27 kBProgress (1): 27 kB                      Downloaded from central: https://repo.maven.apache.org/maven2/org/apache/maven/plugins/maven-install-plugin/2.4/maven-install-plugin-2.4.jar (27 kB at 325 kB/s)
Downloading from central: https://repo.maven.apache.org/maven2/junit/junit/4.11/junit-4.11.pom
Progress (1): 2.3 kB                    Downloaded from central: https://repo.maven.apache.org/maven2/junit/junit/4.11/junit-4.11.pom (2.3 kB at 35 kB/s)
Downloading from central: https://repo.maven.apache.org/maven2/org/hamcrest/hamcrest-core/1.3/hamcrest-core-1.3.pom
Downloaded from central: https://repo.maven.apache.org/maven2/org/hamcrest/hamcrest-core/1.3/hamcrest-core-1.3.pom (0 B at 0 B/s)
Downloading from central: https://repo.maven.apache.org/maven2/org/hamcrest/hamcrest-parent/1.3/hamcrest-parent-1.3.pom
Downloaded from central: https://repo.maven.apache.org/maven2/org/hamcrest/hamcrest-parent/1.3/hamcrest-parent-1.3.pom (0 B at 0 B/s)
Downloading from central: https://repo.maven.apache.org/maven2/org/hamcrest/hamcrest-core/1.3/hamcrest-core-1.3.jar
Downloading from central: https://repo.maven.apache.org/maven2/junit/junit/4.11/junit-4.11.jar
Progress (1): 4.1/45 kBProgress (1): 8.2/45 kBProgress (1): 12/45 kB Progress (1): 16/45 kBProgress (1): 20/45 kBProgress (1): 25/45 kBProgress (1): 29/45 kBProgress (1): 33/45 kBProgress (1): 37/45 kBProgress (1): 41/45 kBProgress (1): 45 kB                      Downloaded from central: https://repo.maven.apache.org/maven2/org/hamcrest/hamcrest-core/1.3/hamcrest-core-1.3.jar (45 kB at 446 kB/s)
Progress (1): 2.7/245 kBProgress (1): 5.5/245 kBProgress (1): 8.2/245 kBProgress (1): 11/245 kB Progress (1): 14/245 kBProgress (1): 16/245 kBProgress (1): 20/245 kBProgress (1): 24/245 kBProgress (1): 28/245 kBProgress (1): 32/245 kBProgress (1): 36/245 kBProgress (1): 40/245 kBProgress (1): 45/245 kBProgress (1): 49/245 kBProgress (1): 53/245 kBProgress (1): 57/245 kBProgress (1): 61/245 kBProgress (1): 65/245 kBProgress (1): 69/245 kBProgress (1): 73/245 kBProgress (1): 77/245 kBProgress (1): 81/245 kBProgress (1): 85/245 kBProgress (1): 90/245 kBProgress (1): 94/245 kBProgress (1): 98/245 kBProgress (1): 102/245 kBProgress (1): 106/245 kBProgress (1): 110/245 kBProgress (1): 114/245 kBProgress (1): 118/245 kBProgress (1): 122/245 kBProgress (1): 126/245 kBProgress (1): 131/245 kBProgress (1): 135/245 kBProgress (1): 139/245 kBProgress (1): 143/245 kBProgress (1): 147/245 kBProgress (1): 151/245 kBProgress (1): 155/245 kBProgress (1): 159/245 kBProgress (1): 163/245 kBProgress (1): 167/245 kBProgress (1): 171/245 kBProgress (1): 176/245 kBProgress (1): 180/245 kBProgress (1): 184/245 kBProgress (1): 188/245 kBProgress (1): 192/245 kBProgress (1): 196/245 kBProgress (1): 200/245 kBProgress (1): 204/245 kBProgress (1): 208/245 kBProgress (1): 212/245 kBProgress (1): 217/245 kBProgress (1): 221/245 kBProgress (1): 225/245 kBProgress (1): 229/245 kBProgress (1): 233/245 kBProgress (1): 237/245 kBProgress (1): 241/245 kBProgress (1): 245 kB                        Downloaded from central: https://repo.maven.apache.org/maven2/junit/junit/4.11/junit-4.11.jar (245 kB at 778 kB/s)
[INFO] 
[INFO] --- maven-clean-plugin:2.5:clean (default-clean) @ roshambo ---
Downloading from central: https://repo.maven.apache.org/maven2/org/apache/maven/maven-plugin-api/2.0.6/maven-plugin-api-2.0.6.pom
Progress (1): 1.5 kB                    Downloaded from central: https://repo.maven.apache.org/maven2/org/apache/maven/maven-plugin-api/2.0.6/maven-plugin-api-2.0.6.pom (1.5 kB at 18 kB/s)
Downloading from central: https://repo.maven.apache.org/maven2/org/apache/maven/maven/2.0.6/maven-2.0.6.pom
Progress (1): 4.1/9.0 kBProgress (1): 8.2/9.0 kBProgress (1): 9.0 kB                        Downloaded from central: https://repo.maven.apache.org/maven2/org/apache/maven/maven/2.0.6/maven-2.0.6.pom (9.0 kB at 113 kB/s)
Downloading from central: https://repo.maven.apache.org/maven2/org/apache/maven/maven-parent/5/maven-parent-5.pom
Downloaded from central: https://repo.maven.apache.org/maven2/org/apache/maven/maven-parent/5/maven-parent-5.pom (0 B at 0 B/s)
Downloading from central: https://repo.maven.apache.org/maven2/org/apache/apache/3/apache-3.pom
Downloaded from central: https://repo.maven.apache.org/maven2/org/apache/apache/3/apache-3.pom (0 B at 0 B/s)
Downloading from central: https://repo.maven.apache.org/maven2/org/codehaus/plexus/plexus-utils/3.0/plexus-utils-3.0.pom
Progress (1): 4.1 kB                    Downloaded from central: https://repo.maven.apache.org/maven2/org/codehaus/plexus/plexus-utils/3.0/plexus-utils-3.0.pom (4.1 kB at 36 kB/s)
Downloading from central: https://repo.maven.apache.org/maven2/org/sonatype/spice/spice-parent/16/spice-parent-16.pom
Downloaded from central: https://repo.maven.apache.org/maven2/org/sonatype/spice/spice-parent/16/spice-parent-16.pom (0 B at 0 B/s)
Downloading from central: https://repo.maven.apache.org/maven2/org/sonatype/forge/forge-parent/5/forge-parent-5.pom
Downloaded from central: https://repo.maven.apache.org/maven2/org/sonatype/forge/forge-parent/5/forge-parent-5.pom (0 B at 0 B/s)
Downloading from central: https://repo.maven.apache.org/maven2/org/apache/maven/maven-plugin-api/2.0.6/maven-plugin-api-2.0.6.jar
Downloading from central: https://repo.maven.apache.org/maven2/org/codehaus/plexus/plexus-utils/3.0/plexus-utils-3.0.jar
Progress (1): 4.1/226 kBProgress (1): 8.2/226 kBProgress (1): 12/226 kB Progress (1): 16/226 kBProgress (1): 20/226 kBProgress (1): 25/226 kBProgress (1): 29/226 kBProgress (1): 33/226 kBProgress (2): 33/226 kB | 4.1/13 kBProgress (2): 33/226 kB | 8.2/13 kBProgress (2): 37/226 kB | 8.2/13 kBProgress (2): 37/226 kB | 12/13 kB Progress (2): 41/226 kB | 12/13 kBProgress (2): 41/226 kB | 13 kB   Progress (2): 45/226 kB | 13 kBProgress (2): 49/226 kB | 13 kBProgress (2): 53/226 kB | 13 kBProgress (2): 57/226 kB | 13 kBProgress (2): 61/226 kB | 13 kBProgress (2): 66/226 kB | 13 kBProgress (2): 70/226 kB | 13 kBProgress (2): 74/226 kB | 13 kBProgress (2): 78/226 kB | 13 kBProgress (2): 82/226 kB | 13 kBProgress (2): 86/226 kB | 13 kBProgress (2): 90/226 kB | 13 kBProgress (2): 94/226 kB | 13 kBProgress (2): 98/226 kB | 13 kBProgress (2): 102/226 kB | 13 kBProgress (2): 106/226 kB | 13 kBProgress (2): 111/226 kB | 13 kBProgress (2): 115/226 kB | 13 kBProgress (2): 119/226 kB | 13 kBProgress (2): 123/226 kB | 13 kBProgress (2): 127/226 kB | 13 kBProgress (2): 131/226 kB | 13 kBProgress (2): 135/226 kB | 13 kBProgress (2): 139/226 kB | 13 kBProgress (2): 143/226 kB | 13 kB                                Downloaded from central: https://repo.maven.apache.org/maven2/org/apache/maven/maven-plugin-api/2.0.6/maven-plugin-api-2.0.6.jar (13 kB at 138 kB/s)
Progress (1): 147/226 kBProgress (1): 152/226 kBProgress (1): 156/226 kBProgress (1): 160/226 kBProgress (1): 164/226 kBProgress (1): 168/226 kBProgress (1): 172/226 kBProgress (1): 176/226 kBProgress (1): 180/226 kBProgress (1): 184/226 kBProgress (1): 188/226 kBProgress (1): 193/226 kBProgress (1): 197/226 kBProgress (1): 201/226 kBProgress (1): 205/226 kBProgress (1): 209/226 kBProgress (1): 213/226 kBProgress (1): 217/226 kBProgress (1): 221/226 kBProgress (1): 225/226 kBProgress (1): 226 kB                        Downloaded from central: https://repo.maven.apache.org/maven2/org/codehaus/plexus/plexus-utils/3.0/plexus-utils-3.0.jar (226 kB at 1.4 MB/s)
[INFO] 
[INFO] --- maven-resources-plugin:2.6:resources (default-resources) @ roshambo ---
Downloading from central: https://repo.maven.apache.org/maven2/org/apache/maven/maven-project/2.0.6/maven-project-2.0.6.pom
Progress (1): 2.6 kB                    Downloaded from central: https://repo.maven.apache.org/maven2/org/apache/maven/maven-project/2.0.6/maven-project-2.0.6.pom (2.6 kB at 43 kB/s)
Downloading from central: https://repo.maven.apache.org/maven2/org/apache/maven/maven-settings/2.0.6/maven-settings-2.0.6.pom
Progress (1): 2.0 kB                    Downloaded from central: https://repo.maven.apache.org/maven2/org/apache/maven/maven-settings/2.0.6/maven-settings-2.0.6.pom (2.0 kB at 33 kB/s)
Downloading from central: https://repo.maven.apache.org/maven2/org/apache/maven/maven-model/2.0.6/maven-model-2.0.6.pom
Progress (1): 3.0 kB                    Downloaded from central: https://repo.maven.apache.org/maven2/org/apache/maven/maven-model/2.0.6/maven-model-2.0.6.pom (3.0 kB at 46 kB/s)
Downloading from central: https://repo.maven.apache.org/maven2/org/codehaus/plexus/plexus-utils/1.4.1/plexus-utils-1.4.1.pom
Downloaded from central: https://repo.maven.apache.org/maven2/org/codehaus/plexus/plexus-utils/1.4.1/plexus-utils-1.4.1.pom (0 B at 0 B/s)
Downloading from central: https://repo.maven.apache.org/maven2/org/codehaus/plexus/plexus/1.0.11/plexus-1.0.11.pom
Downloaded from central: https://repo.maven.apache.org/maven2/org/codehaus/plexus/plexus/1.0.11/plexus-1.0.11.pom (0 B at 0 B/s)
Downloading from central: https://repo.maven.apache.org/maven2/org/codehaus/plexus/plexus-container-default/1.0-alpha-9-stable-1/plexus-container-default-1.0-alpha-9-stable-1.pom
Downloaded from central: https://repo.maven.apache.org/maven2/org/codehaus/plexus/plexus-container-default/1.0-alpha-9-stable-1/plexus-container-default-1.0-alpha-9-stable-1.pom (0 B at 0 B/s)
Downloading from central: https://repo.maven.apache.org/maven2/org/codehaus/plexus/plexus-containers/1.0.3/plexus-containers-1.0.3.pom
Downloaded from central: https://repo.maven.apache.org/maven2/org/codehaus/plexus/plexus-containers/1.0.3/plexus-containers-1.0.3.pom (0 B at 0 B/s)
Downloading from central: https://repo.maven.apache.org/maven2/org/codehaus/plexus/plexus/1.0.4/plexus-1.0.4.pom
Downloaded from central: https://repo.maven.apache.org/maven2/org/codehaus/plexus/plexus/1.0.4/plexus-1.0.4.pom (0 B at 0 B/s)
Downloading from central: https://repo.maven.apache.org/maven2/junit/junit/3.8.1/junit-3.8.1.pom
Downloaded from central: https://repo.maven.apache.org/maven2/junit/junit/3.8.1/junit-3.8.1.pom (0 B at 0 B/s)
Downloading from central: https://repo.maven.apache.org/maven2/org/codehaus/plexus/plexus-utils/1.0.4/plexus-utils-1.0.4.pom
Downloaded from central: https://repo.maven.apache.org/maven2/org/codehaus/plexus/plexus-utils/1.0.4/plexus-utils-1.0.4.pom (0 B at 0 B/s)
Downloading from central: https://repo.maven.apache.org/maven2/classworlds/classworlds/1.1-alpha-2/classworlds-1.1-alpha-2.pom
Downloaded from central: https://repo.maven.apache.org/maven2/classworlds/classworlds/1.1-alpha-2/classworlds-1.1-alpha-2.pom (0 B at 0 B/s)
Downloading from central: https://repo.maven.apache.org/maven2/org/apache/maven/maven-profile/2.0.6/maven-profile-2.0.6.pom
Progress (1): 2.0 kB                    Downloaded from central: https://repo.maven.apache.org/maven2/org/apache/maven/maven-profile/2.0.6/maven-profile-2.0.6.pom (2.0 kB at 30 kB/s)
Downloading from central: https://repo.maven.apache.org/maven2/org/apache/maven/maven-artifact-manager/2.0.6/maven-artifact-manager-2.0.6.pom
Progress (1): 2.6 kB                    Downloaded from central: https://repo.maven.apache.org/maven2/org/apache/maven/maven-artifact-manager/2.0.6/maven-artifact-manager-2.0.6.pom (2.6 kB at 37 kB/s)
Downloading from central: https://repo.maven.apache.org/maven2/org/apache/maven/maven-repository-metadata/2.0.6/maven-repository-metadata-2.0.6.pom
Progress (1): 1.9 kB                    Downloaded from central: https://repo.maven.apache.org/maven2/org/apache/maven/maven-repository-metadata/2.0.6/maven-repository-metadata-2.0.6.pom (1.9 kB at 30 kB/s)
Downloading from central: https://repo.maven.apache.org/maven2/org/apache/maven/maven-artifact/2.0.6/maven-artifact-2.0.6.pom
Progress (1): 1.6 kB                    Downloaded from central: https://repo.maven.apache.org/maven2/org/apache/maven/maven-artifact/2.0.6/maven-artifact-2.0.6.pom (1.6 kB at 20 kB/s)
Downloading from central: https://repo.maven.apache.org/maven2/org/apache/maven/maven-plugin-registry/2.0.6/maven-plugin-registry-2.0.6.pom
Progress (1): 1.9 kB                    Downloaded from central: https://repo.maven.apache.org/maven2/org/apache/maven/maven-plugin-registry/2.0.6/maven-plugin-registry-2.0.6.pom (1.9 kB at 30 kB/s)
Downloading from central: https://repo.maven.apache.org/maven2/org/apache/maven/maven-core/2.0.6/maven-core-2.0.6.pom
Progress (1): 4.1/6.7 kBProgress (1): 6.7 kB                        Downloaded from central: https://repo.maven.apache.org/maven2/org/apache/maven/maven-core/2.0.6/maven-core-2.0.6.pom (6.7 kB at 102 kB/s)
Downloading from central: https://repo.maven.apache.org/maven2/org/apache/maven/maven-plugin-parameter-documenter/2.0.6/maven-plugin-parameter-documenter-2.0.6.pom
Progress (1): 1.9 kB                    Downloaded from central: https://repo.maven.apache.org/maven2/org/apache/maven/maven-plugin-parameter-documenter/2.0.6/maven-plugin-parameter-documenter-2.0.6.pom (1.9 kB at 20 kB/s)
Downloading from central: https://repo.maven.apache.org/maven2/org/apache/maven/reporting/maven-reporting-api/2.0.6/maven-reporting-api-2.0.6.pom
Progress (1): 1.8 kB                    Downloaded from central: https://repo.maven.apache.org/maven2/org/apache/maven/reporting/maven-reporting-api/2.0.6/maven-reporting-api-2.0.6.pom (1.8 kB at 23 kB/s)
Downloading from central: https://repo.maven.apache.org/maven2/org/apache/maven/reporting/maven-reporting/2.0.6/maven-reporting-2.0.6.pom
Progress (1): 1.4 kB                    Downloaded from central: https://repo.maven.apache.org/maven2/org/apache/maven/reporting/maven-reporting/2.0.6/maven-reporting-2.0.6.pom (1.4 kB at 13 kB/s)
Downloading from central: https://repo.maven.apache.org/maven2/org/apache/maven/doxia/doxia-sink-api/1.0-alpha-7/doxia-sink-api-1.0-alpha-7.pom
Progress (1): 424 B                   Downloaded from central: https://repo.maven.apache.org/maven2/org/apache/maven/doxia/doxia-sink-api/1.0-alpha-7/doxia-sink-api-1.0-alpha-7.pom (424 B at 5.9 kB/s)
Downloading from central: https://repo.maven.apache.org/maven2/org/apache/maven/doxia/doxia/1.0-alpha-7/doxia-1.0-alpha-7.pom
Progress (1): 3.9 kB                    Downloaded from central: https://repo.maven.apache.org/maven2/org/apache/maven/doxia/doxia/1.0-alpha-7/doxia-1.0-alpha-7.pom (3.9 kB at 56 kB/s)
Downloading from central: https://repo.maven.apache.org/maven2/org/apache/maven/maven-error-diagnostics/2.0.6/maven-error-diagnostics-2.0.6.pom
Progress (1): 1.7 kB                    Downloaded from central: https://repo.maven.apache.org/maven2/org/apache/maven/maven-error-diagnostics/2.0.6/maven-error-diagnostics-2.0.6.pom (1.7 kB at 25 kB/s)
Downloading from central: https://repo.maven.apache.org/maven2/commons-cli/commons-cli/1.0/commons-cli-1.0.pom
Downloaded from central: https://repo.maven.apache.org/maven2/commons-cli/commons-cli/1.0/commons-cli-1.0.pom (0 B at 0 B/s)
Downloading from central: https://repo.maven.apache.org/maven2/org/apache/maven/maven-plugin-descriptor/2.0.6/maven-plugin-descriptor-2.0.6.pom
Progress (1): 2.0 kB                    Downloaded from central: https://repo.maven.apache.org/maven2/org/apache/maven/maven-plugin-descriptor/2.0.6/maven-plugin-descriptor-2.0.6.pom (2.0 kB at 34 kB/s)
Downloading from central: https://repo.maven.apache.org/maven2/org/codehaus/plexus/plexus-interactivity-api/1.0-alpha-4/plexus-interactivity-api-1.0-alpha-4.pom
Downloaded from central: https://repo.maven.apache.org/maven2/org/codehaus/plexus/plexus-interactivity-api/1.0-alpha-4/plexus-interactivity-api-1.0-alpha-4.pom (0 B at 0 B/s)
Downloading from central: https://repo.maven.apache.org/maven2/org/apache/maven/maven-monitor/2.0.6/maven-monitor-2.0.6.pom
Progress (1): 1.3 kB                    Downloaded from central: https://repo.maven.apache.org/maven2/org/apache/maven/maven-monitor/2.0.6/maven-monitor-2.0.6.pom (1.3 kB at 17 kB/s)
Downloading from central: https://repo.maven.apache.org/maven2/classworlds/classworlds/1.1/classworlds-1.1.pom
Downloaded from central: https://repo.maven.apache.org/maven2/classworlds/classworlds/1.1/classworlds-1.1.pom (0 B at 0 B/s)
Downloading from central: https://repo.maven.apache.org/maven2/org/codehaus/plexus/plexus-utils/2.0.5/plexus-utils-2.0.5.pom
Downloaded from central: https://repo.maven.apache.org/maven2/org/codehaus/plexus/plexus-utils/2.0.5/plexus-utils-2.0.5.pom (0 B at 0 B/s)
Downloading from central: https://repo.maven.apache.org/maven2/org/codehaus/plexus/plexus/2.0.6/plexus-2.0.6.pom
Downloaded from central: https://repo.maven.apache.org/maven2/org/codehaus/plexus/plexus/2.0.6/plexus-2.0.6.pom (0 B at 0 B/s)
Downloading from central: https://repo.maven.apache.org/maven2/org/apache/maven/shared/maven-filtering/1.1/maven-filtering-1.1.pom
Progress (1): 4.1/5.8 kBProgress (1): 5.8 kB                        Downloaded from central: https://repo.maven.apache.org/maven2/org/apache/maven/shared/maven-filtering/1.1/maven-filtering-1.1.pom (5.8 kB at 86 kB/s)
Downloading from central: https://repo.maven.apache.org/maven2/org/apache/maven/shared/maven-shared-components/17/maven-shared-components-17.pom
Progress (1): 4.1/8.7 kBProgress (1): 8.2/8.7 kBProgress (1): 8.7 kB                        Downloaded from central: https://repo.maven.apache.org/maven2/org/apache/maven/shared/maven-shared-components/17/maven-shared-components-17.pom (8.7 kB at 128 kB/s)
Downloading from central: https://repo.maven.apache.org/maven2/org/codehaus/plexus/plexus-utils/1.5.15/plexus-utils-1.5.15.pom
Downloaded from central: https://repo.maven.apache.org/maven2/org/codehaus/plexus/plexus-utils/1.5.15/plexus-utils-1.5.15.pom (0 B at 0 B/s)
Downloading from central: https://repo.maven.apache.org/maven2/org/codehaus/plexus/plexus/2.0.2/plexus-2.0.2.pom
Downloaded from central: https://repo.maven.apache.org/maven2/org/codehaus/plexus/plexus/2.0.2/plexus-2.0.2.pom (0 B at 0 B/s)
Downloading from central: https://repo.maven.apache.org/maven2/org/codehaus/plexus/plexus-interpolation/1.12/plexus-interpolation-1.12.pom
Progress (1): 889 B                   Downloaded from central: https://repo.maven.apache.org/maven2/org/codehaus/plexus/plexus-interpolation/1.12/plexus-interpolation-1.12.pom (889 B at 15 kB/s)
Downloading from central: https://repo.maven.apache.org/maven2/org/codehaus/plexus/plexus-components/1.1.14/plexus-components-1.1.14.pom
Downloaded from central: https://repo.maven.apache.org/maven2/org/codehaus/plexus/plexus-components/1.1.14/plexus-components-1.1.14.pom (0 B at 0 B/s)
Downloading from central: https://repo.maven.apache.org/maven2/org/sonatype/plexus/plexus-build-api/0.0.4/plexus-build-api-0.0.4.pom
Progress (1): 2.9 kB                    Downloaded from central: https://repo.maven.apache.org/maven2/org/sonatype/plexus/plexus-build-api/0.0.4/plexus-build-api-0.0.4.pom (2.9 kB at 45 kB/s)
Downloading from central: https://repo.maven.apache.org/maven2/org/sonatype/spice/spice-parent/10/spice-parent-10.pom
Progress (1): 3.0 kB                    Downloaded from central: https://repo.maven.apache.org/maven2/org/sonatype/spice/spice-parent/10/spice-parent-10.pom (3.0 kB at 41 kB/s)
Downloading from central: https://repo.maven.apache.org/maven2/org/sonatype/forge/forge-parent/3/forge-parent-3.pom
Progress (1): 4.1/5.0 kBProgress (1): 5.0 kB                        Downloaded from central: https://repo.maven.apache.org/maven2/org/sonatype/forge/forge-parent/3/forge-parent-3.pom (5.0 kB at 69 kB/s)
Downloading from central: https://repo.maven.apache.org/maven2/org/codehaus/plexus/plexus-utils/1.5.8/plexus-utils-1.5.8.pom
Downloaded from central: https://repo.maven.apache.org/maven2/org/codehaus/plexus/plexus-utils/1.5.8/plexus-utils-1.5.8.pom (0 B at 0 B/s)
Downloading from central: https://repo.maven.apache.org/maven2/org/codehaus/plexus/plexus-interpolation/1.13/plexus-interpolation-1.13.pom
Progress (1): 890 B                   Downloaded from central: https://repo.maven.apache.org/maven2/org/codehaus/plexus/plexus-interpolation/1.13/plexus-interpolation-1.13.pom (890 B at 13 kB/s)
Downloading from central: https://repo.maven.apache.org/maven2/org/codehaus/plexus/plexus-components/1.1.15/plexus-components-1.1.15.pom
Progress (1): 2.8 kB                    Downloaded from central: https://repo.maven.apache.org/maven2/org/codehaus/plexus/plexus-components/1.1.15/plexus-components-1.1.15.pom (2.8 kB at 39 kB/s)
Downloading from central: https://repo.maven.apache.org/maven2/org/codehaus/plexus/plexus/2.0.3/plexus-2.0.3.pom
Progress (1): 4.1/15 kBProgress (1): 8.2/15 kBProgress (1): 12/15 kB Progress (1): 15 kB                      Downloaded from central: https://repo.maven.apache.org/maven2/org/codehaus/plexus/plexus/2.0.3/plexus-2.0.3.pom (15 kB at 132 kB/s)
Downloading from central: https://repo.maven.apache.org/maven2/org/apache/maven/maven-project/2.0.6/maven-project-2.0.6.jar
Downloading from central: https://repo.maven.apache.org/maven2/org/apache/maven/maven-profile/2.0.6/maven-profile-2.0.6.jar
Downloading from central: https://repo.maven.apache.org/maven2/org/apache/maven/maven-plugin-registry/2.0.6/maven-plugin-registry-2.0.6.jar
Downloading from central: https://repo.maven.apache.org/maven2/org/apache/maven/maven-artifact-manager/2.0.6/maven-artifact-manager-2.0.6.jar
Downloading from central: https://repo.maven.apache.org/maven2/org/apache/maven/maven-core/2.0.6/maven-core-2.0.6.jar
Progress (1): 4.1/116 kBProgress (1): 8.2/116 kBProgress (1): 12/116 kB Progress (1): 16/116 kBProgress (1): 20/116 kBProgress (1): 25/116 kBProgress (1): 29/116 kBProgress (1): 33/116 kBProgress (1): 37/116 kBProgress (1): 41/116 kBProgress (1): 45/116 kBProgress (1): 49/116 kBProgress (2): 49/116 kB | 4.1/35 kBProgress (2): 53/116 kB | 4.1/35 kBProgress (2): 57/116 kB | 4.1/35 kBProgress (2): 61/116 kB | 4.1/35 kBProgress (2): 66/116 kB | 4.1/35 kBProgress (2): 70/116 kB | 4.1/35 kBProgress (2): 74/116 kB | 4.1/35 kBProgress (2): 78/116 kB | 4.1/35 kBProgress (2): 82/116 kB | 4.1/35 kBProgress (2): 86/116 kB | 4.1/35 kBProgress (2): 90/116 kB | 4.1/35 kBProgress (2): 94/116 kB | 4.1/35 kBProgress (2): 98/116 kB | 4.1/35 kBProgress (2): 102/116 kB | 4.1/35 kBProgress (2): 106/116 kB | 4.1/35 kBProgress (2): 111/116 kB | 4.1/35 kBProgress (2): 115/116 kB | 4.1/35 kBProgress (2): 116 kB | 4.1/35 kB                                    Downloaded from central: https://repo.maven.apache.org/maven2/org/apache/maven/maven-project/2.0.6/maven-project-2.0.6.jar (116 kB at 1.1 MB/s)
Downloading from central: https://repo.maven.apache.org/maven2/org/apache/maven/maven-plugin-parameter-documenter/2.0.6/maven-plugin-parameter-documenter-2.0.6.jar
Progress (2): 4.1/35 kB | 4.1/152 kBProgress (2): 4.1/35 kB | 8.2/152 kBProgress (2): 4.1/35 kB | 12/152 kB Progress (2): 4.1/35 kB | 16/152 kBProgress (2): 4.1/35 kB | 20/152 kBProgress (2): 4.1/35 kB | 25/152 kBProgress (2): 4.1/35 kB | 29/152 kBProgress (2): 4.1/35 kB | 33/152 kBProgress (2): 8.2/35 kB | 33/152 kBProgress (2): 12/35 kB | 33/152 kB Progress (2): 16/35 kB | 33/152 kBProgress (2): 20/35 kB | 33/152 kBProgress (2): 24/35 kB | 33/152 kBProgress (2): 28/35 kB | 33/152 kBProgress (2): 32/35 kB | 33/152 kBProgress (2): 35 kB | 33/152 kB   Progress (3): 35 kB | 33/152 kB | 2.7/57 kBProgress (3): 35 kB | 33/152 kB | 5.5/57 kBProgress (3): 35 kB | 33/152 kB | 8.2/57 kBProgress (3): 35 kB | 33/152 kB | 11/57 kB Progress (4): 35 kB | 33/152 kB | 11/57 kB | 2.7/29 kBProgress (4): 35 kB | 33/152 kB | 11/57 kB | 5.5/29 kBProgress (4): 35 kB | 33/152 kB | 14/57 kB | 5.5/29 kBProgress (4): 35 kB | 33/152 kB | 14/57 kB | 8.2/29 kBProgress (4): 35 kB | 33/152 kB | 16/57 kB | 8.2/29 kBProgress (4): 35 kB | 37/152 kB | 16/57 kB | 8.2/29 kBProgress (4): 35 kB | 37/152 kB | 19/57 kB | 8.2/29 kBProgress (4): 35 kB | 37/152 kB | 19/57 kB | 11/29 kB Progress (4): 35 kB | 41/152 kB | 19/57 kB | 11/29 kBProgress (4): 35 kB | 45/152 kB | 19/57 kB | 11/29 kBProgress (4): 35 kB | 45/152 kB | 22/57 kB | 11/29 kBProgress (4): 35 kB | 49/152 kB | 22/57 kB | 11/29 kBProgress (4): 35 kB | 49/152 kB | 22/57 kB | 14/29 kBProgress (4): 35 kB | 49/152 kB | 22/57 kB | 16/29 kBProgress (4): 35 kB | 49/152 kB | 22/57 kB | 19/29 kBProgress (4): 35 kB | 53/152 kB | 22/57 kB | 19/29 kBProgress (4): 35 kB | 53/152 kB | 25/57 kB | 19/29 kBProgress (4): 35 kB | 57/152 kB | 25/57 kB | 19/29 kBProgress (5): 35 kB | 57/152 kB | 25/57 kB | 19/29 kB | 4.1/21 kBProgress (5): 35 kB | 61/152 kB | 25/57 kB | 19/29 kB | 4.1/21 kBProgress (5): 35 kB | 61/152 kB | 27/57 kB | 19/29 kB | 4.1/21 kBProgress (5): 35 kB | 61/152 kB | 27/57 kB | 21/29 kB | 4.1/21 kBProgress (5): 35 kB | 61/152 kB | 30/57 kB | 21/29 kB | 4.1/21 kBProgress (5): 35 kB | 66/152 kB | 30/57 kB | 21/29 kB | 4.1/21 kBProgress (5): 35 kB | 66/152 kB | 30/57 kB | 21/29 kB | 8.2/21 kB                                                                 Downloaded from central: https://repo.maven.apache.org/maven2/org/apache/maven/maven-profile/2.0.6/maven-profile-2.0.6.jar (35 kB at 189 kB/s)
Progress (4): 66/152 kB | 30/57 kB | 24/29 kB | 8.2/21 kB                                                         Downloading from central: https://repo.maven.apache.org/maven2/org/apache/maven/reporting/maven-reporting-api/2.0.6/maven-reporting-api-2.0.6.jar
Progress (4): 66/152 kB | 33/57 kB | 24/29 kB | 8.2/21 kBProgress (4): 70/152 kB | 33/57 kB | 24/29 kB | 8.2/21 kBProgress (4): 70/152 kB | 33/57 kB | 24/29 kB | 12/21 kB Progress (4): 74/152 kB | 33/57 kB | 24/29 kB | 12/21 kBProgress (4): 74/152 kB | 36/57 kB | 24/29 kB | 12/21 kBProgress (4): 74/152 kB | 36/57 kB | 27/29 kB | 12/21 kBProgress (4): 74/152 kB | 38/57 kB | 27/29 kB | 12/21 kBProgress (4): 78/152 kB | 38/57 kB | 27/29 kB | 12/21 kBProgress (4): 78/152 kB | 41/57 kB | 27/29 kB | 12/21 kBProgress (4): 78/152 kB | 41/57 kB | 29 kB | 12/21 kB   Progress (4): 78/152 kB | 44/57 kB | 29 kB | 12/21 kBProgress (4): 78/152 kB | 47/57 kB | 29 kB | 12/21 kBProgress (4): 78/152 kB | 49/57 kB | 29 kB | 12/21 kBProgress (4): 78/152 kB | 49/57 kB | 29 kB | 16/21 kBProgress (4): 82/152 kB | 49/57 kB | 29 kB | 16/21 kBProgress (4): 82/152 kB | 49/57 kB | 29 kB | 20/21 kBProgress (4): 82/152 kB | 52/57 kB | 29 kB | 20/21 kBProgress (4): 86/152 kB | 52/57 kB | 29 kB | 20/21 kBProgress (4): 86/152 kB | 52/57 kB | 29 kB | 21 kB   Progress (4): 90/152 kB | 52/57 kB | 29 kB | 21 kBProgress (4): 90/152 kB | 55/57 kB | 29 kB | 21 kBProgress (4): 94/152 kB | 55/57 kB | 29 kB | 21 kBProgress (4): 94/152 kB | 57 kB | 29 kB | 21 kB   Progress (4): 98/152 kB | 57 kB | 29 kB | 21 kBProgress (4): 102/152 kB | 57 kB | 29 kB | 21 kBProgress (4): 106/152 kB | 57 kB | 29 kB | 21 kBProgress (4): 111/152 kB | 57 kB | 29 kB | 21 kBProgress (4): 115/152 kB | 57 kB | 29 kB | 21 kBProgress (4): 119/152 kB | 57 kB | 29 kB | 21 kBProgress (4): 123/152 kB | 57 kB | 29 kB | 21 kBProgress (4): 127/152 kB | 57 kB | 29 kB | 21 kBProgress (4): 131/152 kB | 57 kB | 29 kB | 21 kBProgress (4): 135/152 kB | 57 kB | 29 kB | 21 kBProgress (4): 139/152 kB | 57 kB | 29 kB | 21 kBProgress (4): 143/152 kB | 57 kB | 29 kB | 21 kBProgress (4): 147/152 kB | 57 kB | 29 kB | 21 kBProgress (4): 152/152 kB | 57 kB | 29 kB | 21 kBProgress (4): 152 kB | 57 kB | 29 kB | 21 kB    Progress (5): 152 kB | 57 kB | 29 kB | 21 kB | 4.1/9.9 kBProgress (5): 152 kB | 57 kB | 29 kB | 21 kB | 8.2/9.9 kBProgress (5): 152 kB | 57 kB | 29 kB | 21 kB | 9.9 kB                                                         Downloaded from central: https://repo.maven.apache.org/maven2/org/apache/maven/maven-plugin-parameter-documenter/2.0.6/maven-plugin-parameter-documenter-2.0.6.jar (21 kB at 85 kB/s)
Downloaded from central: https://repo.maven.apache.org/maven2/org/apache/maven/maven-plugin-registry/2.0.6/maven-plugin-registry-2.0.6.jar (29 kB at 117 kB/s)
Downloading from central: https://repo.maven.apache.org/maven2/org/apache/maven/doxia/doxia-sink-api/1.0-alpha-7/doxia-sink-api-1.0-alpha-7.jar
Downloading from central: https://repo.maven.apache.org/maven2/org/apache/maven/maven-repository-metadata/2.0.6/maven-repository-metadata-2.0.6.jar
Downloaded from central: https://repo.maven.apache.org/maven2/org/apache/maven/maven-artifact-manager/2.0.6/maven-artifact-manager-2.0.6.jar (57 kB at 219 kB/s)
Downloaded from central: https://repo.maven.apache.org/maven2/org/apache/maven/maven-core/2.0.6/maven-core-2.0.6.jar (152 kB at 583 kB/s)
Downloading from central: https://repo.maven.apache.org/maven2/org/apache/maven/maven-error-diagnostics/2.0.6/maven-error-diagnostics-2.0.6.jar
Downloading from central: https://repo.maven.apache.org/maven2/commons-cli/commons-cli/1.0/commons-cli-1.0.jar
Downloaded from central: https://repo.maven.apache.org/maven2/org/apache/maven/reporting/maven-reporting-api/2.0.6/maven-reporting-api-2.0.6.jar (9.9 kB at 37 kB/s)
Downloading from central: https://repo.maven.apache.org/maven2/org/apache/maven/maven-plugin-descriptor/2.0.6/maven-plugin-descriptor-2.0.6.jar
Progress (1): 4.1/24 kBProgress (1): 8.2/24 kBProgress (1): 12/24 kB Progress (1): 16/24 kBProgress (1): 20/24 kBProgress (1): 24 kB   Progress (2): 24 kB | 2.7/5.9 kBProgress (2): 24 kB | 5.5/5.9 kBProgress (2): 24 kB | 5.9 kB    Progress (3): 24 kB | 5.9 kB | 4.1/14 kBProgress (4): 24 kB | 5.9 kB | 4.1/14 kB | 4.1/37 kB                                                    Downloaded from central: https://repo.maven.apache.org/maven2/commons-cli/commons-cli/1.0/commons-cli-1.0.jar (0 B at 0 B/s)
Progress (4): 24 kB | 5.9 kB | 4.1/14 kB | 8.2/37 kBProgress (4): 24 kB | 5.9 kB | 8.2/14 kB | 8.2/37 kBProgress (4): 24 kB | 5.9 kB | 8.2/14 kB | 12/37 kB                                                    Downloaded from central: https://repo.maven.apache.org/maven2/org/apache/maven/doxia/doxia-sink-api/1.0-alpha-7/doxia-sink-api-1.0-alpha-7.jar (5.9 kB at 16 kB/s)
Downloaded from central: https://repo.maven.apache.org/maven2/org/apache/maven/maven-repository-metadata/2.0.6/maven-repository-metadata-2.0.6.jar (24 kB at 65 kB/s)
Downloading from central: https://repo.maven.apache.org/maven2/org/codehaus/plexus/plexus-interactivity-api/1.0-alpha-4/plexus-interactivity-api-1.0-alpha-4.jar
Downloading from central: https://repo.maven.apache.org/maven2/org/apache/maven/maven-artifact/2.0.6/maven-artifact-2.0.6.jar
Downloading from central: https://repo.maven.apache.org/maven2/classworlds/classworlds/1.1/classworlds-1.1.jar
Progress (2): 8.2/14 kB | 16/37 kBProgress (2): 12/14 kB | 16/37 kB Progress (2): 14 kB | 16/37 kB   Progress (2): 14 kB | 20/37 kBProgress (2): 14 kB | 25/37 kBProgress (2): 14 kB | 29/37 kBProgress (2): 14 kB | 33/37 kBProgress (2): 14 kB | 37/37 kBProgress (2): 14 kB | 37 kB   Progress (3): 14 kB | 37 kB | 4.1/87 kBProgress (3): 14 kB | 37 kB | 8.2/87 kBProgress (3): 14 kB | 37 kB | 12/87 kB Progress (3): 14 kB | 37 kB | 16/87 kB                                      Downloaded from central: https://repo.maven.apache.org/maven2/org/apache/maven/maven-error-diagnostics/2.0.6/maven-error-diagnostics-2.0.6.jar (14 kB at 33 kB/s)
Downloading from central: https://repo.maven.apache.org/maven2/org/apache/maven/maven-settings/2.0.6/maven-settings-2.0.6.jar
Progress (2): 37 kB | 20/87 kBProgress (2): 37 kB | 25/87 kBProgress (2): 37 kB | 29/87 kBProgress (2): 37 kB | 33/87 kB                              Downloaded from central: https://repo.maven.apache.org/maven2/classworlds/classworlds/1.1/classworlds-1.1.jar (0 B at 0 B/s)
Downloaded from central: https://repo.maven.apache.org/maven2/org/codehaus/plexus/plexus-interactivity-api/1.0-alpha-4/plexus-interactivity-api-1.0-alpha-4.jar (0 B at 0 B/s)
Downloaded from central: https://repo.maven.apache.org/maven2/org/apache/maven/maven-plugin-descriptor/2.0.6/maven-plugin-descriptor-2.0.6.jar (37 kB at 87 kB/s)
Downloading from central: https://repo.maven.apache.org/maven2/org/apache/maven/maven-model/2.0.6/maven-model-2.0.6.jar
Downloading from central: https://repo.maven.apache.org/maven2/org/codehaus/plexus/plexus-container-default/1.0-alpha-9-stable-1/plexus-container-default-1.0-alpha-9-stable-1.jar
Progress (1): 37/87 kB                      Downloading from central: https://repo.maven.apache.org/maven2/org/apache/maven/maven-monitor/2.0.6/maven-monitor-2.0.6.jar
Progress (1): 41/87 kBProgress (1): 45/87 kBProgress (1): 49/87 kBProgress (1): 53/87 kBProgress (1): 57/87 kBProgress (1): 61/87 kBProgress (1): 66/87 kBProgress (1): 70/87 kBProgress (1): 74/87 kBProgress (1): 78/87 kBProgress (1): 82/87 kBProgress (1): 86/87 kBProgress (1): 87 kB   Progress (2): 87 kB | 4.1/49 kBProgress (2): 87 kB | 8.2/49 kBProgress (2): 87 kB | 12/49 kB Progress (2): 87 kB | 16/49 kBProgress (2): 87 kB | 20/49 kBProgress (2): 87 kB | 25/49 kBProgress (2): 87 kB | 29/49 kBProgress (2): 87 kB | 33/49 kBProgress (2): 87 kB | 37/49 kBProgress (2): 87 kB | 41/49 kBProgress (2): 87 kB | 45/49 kBProgress (2): 87 kB | 49 kB                              Downloaded from central: https://repo.maven.apache.org/maven2/org/apache/maven/maven-artifact/2.0.6/maven-artifact-2.0.6.jar (87 kB at 186 kB/s)
Downloading from central: https://repo.maven.apache.org/maven2/junit/junit/3.8.1/junit-3.8.1.jar
Progress (2): 49 kB | 4.1/10 kBProgress (2): 49 kB | 8.2/10 kBProgress (3): 49 kB | 8.2/10 kB | 4.1/86 kBProgress (3): 49 kB | 10 kB | 4.1/86 kB    Progress (3): 49 kB | 10 kB | 8.2/86 kBProgress (3): 49 kB | 10 kB | 12/86 kB Progress (3): 49 kB | 10 kB | 16/86 kB                                      Downloaded from central: https://repo.maven.apache.org/maven2/org/codehaus/plexus/plexus-container-default/1.0-alpha-9-stable-1/plexus-container-default-1.0-alpha-9-stable-1.jar (0 B at 0 B/s)
Progress (3): 49 kB | 10 kB | 20/86 kB                                      Downloading from central: https://repo.maven.apache.org/maven2/org/codehaus/plexus/plexus-utils/2.0.5/plexus-utils-2.0.5.jar
Progress (3): 49 kB | 10 kB | 24/86 kBProgress (3): 49 kB | 10 kB | 28/86 kBProgress (3): 49 kB | 10 kB | 32/86 kBProgress (3): 49 kB | 10 kB | 36/86 kBProgress (3): 49 kB | 10 kB | 40/86 kBProgress (3): 49 kB | 10 kB | 45/86 kBProgress (3): 49 kB | 10 kB | 49/86 kBProgress (3): 49 kB | 10 kB | 53/86 kBProgress (3): 49 kB | 10 kB | 57/86 kBProgress (3): 49 kB | 10 kB | 61/86 kBProgress (3): 49 kB | 10 kB | 65/86 kBProgress (3): 49 kB | 10 kB | 69/86 kBProgress (3): 49 kB | 10 kB | 73/86 kBProgress (3): 49 kB | 10 kB | 77/86 kBProgress (3): 49 kB | 10 kB | 81/86 kB                                      Downloaded from central: https://repo.maven.apache.org/maven2/junit/junit/3.8.1/junit-3.8.1.jar (0 B at 0 B/s)
Progress (3): 49 kB | 10 kB | 85/86 kB                                      Downloaded from central: https://repo.maven.apache.org/maven2/org/apache/maven/maven-settings/2.0.6/maven-settings-2.0.6.jar (49 kB at 98 kB/s)
Progress (2): 10 kB | 86 kB                           Downloading from central: https://repo.maven.apache.org/maven2/org/apache/maven/shared/maven-filtering/1.1/maven-filtering-1.1.jar
Downloading from central: https://repo.maven.apache.org/maven2/org/sonatype/plexus/plexus-build-api/0.0.4/plexus-build-api-0.0.4.jar
Downloaded from central: https://repo.maven.apache.org/maven2/org/apache/maven/maven-monitor/2.0.6/maven-monitor-2.0.6.jar (10 kB at 20 kB/s)
Downloading from central: https://repo.maven.apache.org/maven2/org/codehaus/plexus/plexus-interpolation/1.13/plexus-interpolation-1.13.jar
Progress (2): 86 kB | 2.7/223 kBProgress (2): 86 kB | 5.5/223 kBProgress (3): 86 kB | 5.5/223 kB | 4.1/6.8 kBProgress (3): 86 kB | 8.2/223 kB | 4.1/6.8 kBProgress (3): 86 kB | 8.2/223 kB | 6.8 kB    Progress (4): 86 kB | 8.2/223 kB | 6.8 kB | 4.1/43 kBProgress (4): 86 kB | 11/223 kB | 6.8 kB | 4.1/43 kB                                                     Downloaded from central: https://repo.maven.apache.org/maven2/org/apache/maven/maven-model/2.0.6/maven-model-2.0.6.jar (86 kB at 159 kB/s)
Progress (3): 14/223 kB | 6.8 kB | 4.1/43 kBProgress (3): 14/223 kB | 6.8 kB | 8.2/43 kBProgress (3): 16/223 kB | 6.8 kB | 8.2/43 kBProgress (3): 16/223 kB | 6.8 kB | 12/43 kB Progress (3): 16/223 kB | 6.8 kB | 16/43 kBProgress (3): 20/223 kB | 6.8 kB | 16/43 kBProgress (3): 24/223 kB | 6.8 kB | 16/43 kBProgress (3): 28/223 kB | 6.8 kB | 16/43 kBProgress (3): 28/223 kB | 6.8 kB | 20/43 kBProgress (3): 32/223 kB | 6.8 kB | 20/43 kBProgress (3): 32/223 kB | 6.8 kB | 25/43 kBProgress (3): 32/223 kB | 6.8 kB | 29/43 kBProgress (3): 32/223 kB | 6.8 kB | 33/43 kBProgress (3): 36/223 kB | 6.8 kB | 33/43 kBProgress (3): 40/223 kB | 6.8 kB | 33/43 kBProgress (3): 40/223 kB | 6.8 kB | 37/43 kBProgress (3): 45/223 kB | 6.8 kB | 37/43 kBProgress (3): 45/223 kB | 6.8 kB | 41/43 kBProgress (3): 49/223 kB | 6.8 kB | 41/43 kBProgress (3): 49/223 kB | 6.8 kB | 43 kB   Progress (3): 53/223 kB | 6.8 kB | 43 kBProgress (3): 57/223 kB | 6.8 kB | 43 kBProgress (3): 61/223 kB | 6.8 kB | 43 kB                                        Downloaded from central: https://repo.maven.apache.org/maven2/org/sonatype/plexus/plexus-build-api/0.0.4/plexus-build-api-0.0.4.jar (6.8 kB at 12 kB/s)
Progress (3): 61/223 kB | 43 kB | 4.1/61 kBProgress (3): 65/223 kB | 43 kB | 4.1/61 kBProgress (3): 65/223 kB | 43 kB | 8.2/61 kBProgress (3): 65/223 kB | 43 kB | 12/61 kB Progress (3): 65/223 kB | 43 kB | 16/61 kBProgress (3): 65/223 kB | 43 kB | 20/61 kBProgress (3): 65/223 kB | 43 kB | 25/61 kBProgress (3): 65/223 kB | 43 kB | 29/61 kBProgress (3): 65/223 kB | 43 kB | 33/61 kBProgress (3): 65/223 kB | 43 kB | 37/61 kBProgress (3): 65/223 kB | 43 kB | 41/61 kBProgress (3): 65/223 kB | 43 kB | 45/61 kBProgress (3): 65/223 kB | 43 kB | 49/61 kBProgress (3): 65/223 kB | 43 kB | 53/61 kBProgress (3): 65/223 kB | 43 kB | 57/61 kBProgress (3): 65/223 kB | 43 kB | 61 kB   Progress (3): 69/223 kB | 43 kB | 61 kBProgress (3): 73/223 kB | 43 kB | 61 kB                                       Downloaded from central: https://repo.maven.apache.org/maven2/org/apache/maven/shared/maven-filtering/1.1/maven-filtering-1.1.jar (43 kB at 73 kB/s)
Progress (2): 77/223 kB | 61 kBProgress (2): 81/223 kB | 61 kBProgress (2): 85/223 kB | 61 kBProgress (2): 90/223 kB | 61 kBProgress (2): 94/223 kB | 61 kBProgress (2): 98/223 kB | 61 kBProgress (2): 102/223 kB | 61 kBProgress (2): 106/223 kB | 61 kBProgress (2): 110/223 kB | 61 kBProgress (2): 114/223 kB | 61 kBProgress (2): 118/223 kB | 61 kBProgress (2): 122/223 kB | 61 kBProgress (2): 126/223 kB | 61 kBProgress (2): 131/223 kB | 61 kBProgress (2): 135/223 kB | 61 kBProgress (2): 139/223 kB | 61 kBProgress (2): 143/223 kB | 61 kBProgress (2): 147/223 kB | 61 kBProgress (2): 151/223 kB | 61 kBProgress (2): 155/223 kB | 61 kBProgress (2): 159/223 kB | 61 kBProgress (2): 163/223 kB | 61 kBProgress (2): 167/223 kB | 61 kBProgress (2): 171/223 kB | 61 kBProgress (2): 176/223 kB | 61 kBProgress (2): 180/223 kB | 61 kB                                Downloaded from central: https://repo.maven.apache.org/maven2/org/codehaus/plexus/plexus-interpolation/1.13/plexus-interpolation-1.13.jar (61 kB at 97 kB/s)
Progress (1): 184/223 kBProgress (1): 188/223 kBProgress (1): 192/223 kBProgress (1): 196/223 kBProgress (1): 200/223 kBProgress (1): 204/223 kBProgress (1): 208/223 kBProgress (1): 212/223 kBProgress (1): 217/223 kBProgress (1): 221/223 kBProgress (1): 223 kB                        Downloaded from central: https://repo.maven.apache.org/maven2/org/codehaus/plexus/plexus-utils/2.0.5/plexus-utils-2.0.5.jar (223 kB at 326 kB/s)
[WARNING] Using platform encoding (UTF-8 actually) to copy filtered resources, i.e. build is platform dependent!
[INFO] skip non existing resourceDirectory /var/jenkins_home/workspace/jenkins-docker-maven-github-example/src/main/resources
[INFO] 
[INFO] --- maven-compiler-plugin:2.3.2:compile (default-compile) @ roshambo ---
Downloading from central: https://repo.maven.apache.org/maven2/org/apache/maven/maven-toolchain/1.0/maven-toolchain-1.0.pom
Progress (1): 3.4 kB                    Downloaded from central: https://repo.maven.apache.org/maven2/org/apache/maven/maven-toolchain/1.0/maven-toolchain-1.0.pom (3.4 kB at 38 kB/s)
Downloading from central: https://repo.maven.apache.org/maven2/org/codehaus/plexus/plexus-compiler-api/1.8.1/plexus-compiler-api-1.8.1.pom
Progress (1): 805 B                   Downloaded from central: https://repo.maven.apache.org/maven2/org/codehaus/plexus/plexus-compiler-api/1.8.1/plexus-compiler-api-1.8.1.pom (805 B at 8.9 kB/s)
Downloading from central: https://repo.maven.apache.org/maven2/org/codehaus/plexus/plexus-compiler/1.8.1/plexus-compiler-1.8.1.pom
Progress (1): 3.5 kB                    Downloaded from central: https://repo.maven.apache.org/maven2/org/codehaus/plexus/plexus-compiler/1.8.1/plexus-compiler-1.8.1.pom (3.5 kB at 40 kB/s)
Downloading from central: https://repo.maven.apache.org/maven2/org/codehaus/plexus/plexus-components/1.1.18/plexus-components-1.1.18.pom
Downloaded from central: https://repo.maven.apache.org/maven2/org/codehaus/plexus/plexus-components/1.1.18/plexus-components-1.1.18.pom (0 B at 0 B/s)
Downloading from central: https://repo.maven.apache.org/maven2/org/codehaus/plexus/plexus/2.0.7/plexus-2.0.7.pom
Downloaded from central: https://repo.maven.apache.org/maven2/org/codehaus/plexus/plexus/2.0.7/plexus-2.0.7.pom (0 B at 0 B/s)
Downloading from central: https://repo.maven.apache.org/maven2/org/codehaus/plexus/plexus-utils/1.5.5/plexus-utils-1.5.5.pom
Downloaded from central: https://repo.maven.apache.org/maven2/org/codehaus/plexus/plexus-utils/1.5.5/plexus-utils-1.5.5.pom (0 B at 0 B/s)
Downloading from central: https://repo.maven.apache.org/maven2/org/codehaus/plexus/plexus-compiler-manager/1.8.1/plexus-compiler-manager-1.8.1.pom
Progress (1): 713 B                   Downloaded from central: https://repo.maven.apache.org/maven2/org/codehaus/plexus/plexus-compiler-manager/1.8.1/plexus-compiler-manager-1.8.1.pom (713 B at 7.8 kB/s)
Downloading from central: https://repo.maven.apache.org/maven2/org/codehaus/plexus/plexus-compiler-javac/1.8.1/plexus-compiler-javac-1.8.1.pom
Progress (1): 710 B                   Downloaded from central: https://repo.maven.apache.org/maven2/org/codehaus/plexus/plexus-compiler-javac/1.8.1/plexus-compiler-javac-1.8.1.pom (710 B at 7.7 kB/s)
Downloading from central: https://repo.maven.apache.org/maven2/org/codehaus/plexus/plexus-compilers/1.8.1/plexus-compilers-1.8.1.pom
Progress (1): 1.3 kB                    Downloaded from central: https://repo.maven.apache.org/maven2/org/codehaus/plexus/plexus-compilers/1.8.1/plexus-compilers-1.8.1.pom (1.3 kB at 14 kB/s)
Downloading from central: https://repo.maven.apache.org/maven2/org/apache/maven/maven-toolchain/1.0/maven-toolchain-1.0.jar
Downloading from central: https://repo.maven.apache.org/maven2/org/codehaus/plexus/plexus-compiler-api/1.8.1/plexus-compiler-api-1.8.1.jar
Downloading from central: https://repo.maven.apache.org/maven2/org/codehaus/plexus/plexus-compiler-javac/1.8.1/plexus-compiler-javac-1.8.1.jar
Downloading from central: https://repo.maven.apache.org/maven2/org/codehaus/plexus/plexus-compiler-manager/1.8.1/plexus-compiler-manager-1.8.1.jar
Progress (1): 4.1/5.3 kBProgress (2): 4.1/5.3 kB | 4.1/20 kBProgress (2): 5.3 kB | 4.1/20 kB    Progress (2): 5.3 kB | 8.2/20 kBProgress (2): 5.3 kB | 12/20 kB Progress (2): 5.3 kB | 16/20 kBProgress (2): 5.3 kB | 20 kB   Progress (3): 5.3 kB | 20 kB | 4.1/33 kBProgress (4): 5.3 kB | 20 kB | 4.1/33 kB | 4.1/13 kBProgress (4): 5.3 kB | 20 kB | 8.2/33 kB | 4.1/13 kBProgress (4): 5.3 kB | 20 kB | 8.2/33 kB | 8.2/13 kBProgress (4): 5.3 kB | 20 kB | 12/33 kB | 8.2/13 kB Progress (4): 5.3 kB | 20 kB | 12/33 kB | 12/13 kB Progress (4): 5.3 kB | 20 kB | 16/33 kB | 12/13 kBProgress (4): 5.3 kB | 20 kB | 16/33 kB | 13 kB   Progress (4): 5.3 kB | 20 kB | 20/33 kB | 13 kBProgress (4): 5.3 kB | 20 kB | 24/33 kB | 13 kBProgress (4): 5.3 kB | 20 kB | 28/33 kB | 13 kBProgress (4): 5.3 kB | 20 kB | 32/33 kB | 13 kBProgress (4): 5.3 kB | 20 kB | 33 kB | 13 kB                                               Downloaded from central: https://repo.maven.apache.org/maven2/org/codehaus/plexus/plexus-compiler-manager/1.8.1/plexus-compiler-manager-1.8.1.jar (5.3 kB at 67 kB/s)
Downloaded from central: https://repo.maven.apache.org/maven2/org/codehaus/plexus/plexus-compiler-api/1.8.1/plexus-compiler-api-1.8.1.jar (20 kB at 240 kB/s)
Downloaded from central: https://repo.maven.apache.org/maven2/org/codehaus/plexus/plexus-compiler-javac/1.8.1/plexus-compiler-javac-1.8.1.jar (13 kB at 125 kB/s)
Downloaded from central: https://repo.maven.apache.org/maven2/org/apache/maven/maven-toolchain/1.0/maven-toolchain-1.0.jar (33 kB at 320 kB/s)
[WARNING] File encoding has not been set, using platform encoding UTF-8, i.e. build is platform dependent!
[INFO] Compiling 5 source files to /var/jenkins_home/workspace/jenkins-docker-maven-github-example/target/classes
[INFO] 
[INFO] --- maven-resources-plugin:2.6:testResources (default-testResources) @ roshambo ---
[WARNING] Using platform encoding (UTF-8 actually) to copy filtered resources, i.e. build is platform dependent!
[INFO] skip non existing resourceDirectory /var/jenkins_home/workspace/jenkins-docker-maven-github-example/src/test/resources
[INFO] 
[INFO] --- maven-compiler-plugin:2.3.2:testCompile (default-testCompile) @ roshambo ---
[WARNING] File encoding has not been set, using platform encoding UTF-8, i.e. build is platform dependent!
[INFO] Compiling 2 source files to /var/jenkins_home/workspace/jenkins-docker-maven-github-example/target/test-classes
[INFO] 
[INFO] --- maven-surefire-plugin:2.12.4:test (default-test) @ roshambo ---
Downloading from central: https://repo.maven.apache.org/maven2/org/apache/maven/maven-plugin-api/2.0.9/maven-plugin-api-2.0.9.pom
Progress (1): 1.5 kB                    Downloaded from central: https://repo.maven.apache.org/maven2/org/apache/maven/maven-plugin-api/2.0.9/maven-plugin-api-2.0.9.pom (1.5 kB at 16 kB/s)
Downloading from central: https://repo.maven.apache.org/maven2/org/apache/maven/maven/2.0.9/maven-2.0.9.pom
Progress (1): 4.1/19 kBProgress (1): 8.2/19 kBProgress (1): 12/19 kB Progress (1): 16/19 kBProgress (1): 19 kB                      Downloaded from central: https://repo.maven.apache.org/maven2/org/apache/maven/maven/2.0.9/maven-2.0.9.pom (19 kB at 210 kB/s)
Downloading from central: https://repo.maven.apache.org/maven2/org/apache/maven/maven-parent/8/maven-parent-8.pom
Progress (1): 4.1/24 kBProgress (1): 8.2/24 kBProgress (1): 12/24 kB Progress (1): 16/24 kBProgress (1): 20/24 kBProgress (1): 24/24 kBProgress (1): 24 kB                      Downloaded from central: https://repo.maven.apache.org/maven2/org/apache/maven/maven-parent/8/maven-parent-8.pom (24 kB at 146 kB/s)
Downloading from central: https://repo.maven.apache.org/maven2/org/apache/apache/4/apache-4.pom
Downloaded from central: https://repo.maven.apache.org/maven2/org/apache/apache/4/apache-4.pom (0 B at 0 B/s)
Downloading from central: https://repo.maven.apache.org/maven2/org/apache/maven/surefire/surefire-booter/2.12.4/surefire-booter-2.12.4.pom
Progress (1): 3.0 kB                    Downloaded from central: https://repo.maven.apache.org/maven2/org/apache/maven/surefire/surefire-booter/2.12.4/surefire-booter-2.12.4.pom (3.0 kB at 29 kB/s)
Downloading from central: https://repo.maven.apache.org/maven2/org/apache/maven/surefire/surefire-api/2.12.4/surefire-api-2.12.4.pom
Progress (1): 2.5 kB                    Downloaded from central: https://repo.maven.apache.org/maven2/org/apache/maven/surefire/surefire-api/2.12.4/surefire-api-2.12.4.pom (2.5 kB at 29 kB/s)
Downloading from central: https://repo.maven.apache.org/maven2/org/apache/maven/surefire/maven-surefire-common/2.12.4/maven-surefire-common-2.12.4.pom
Progress (1): 4.1/5.5 kBProgress (1): 5.5 kB                        Downloaded from central: https://repo.maven.apache.org/maven2/org/apache/maven/surefire/maven-surefire-common/2.12.4/maven-surefire-common-2.12.4.pom (5.5 kB at 65 kB/s)
Downloading from central: https://repo.maven.apache.org/maven2/org/apache/maven/plugin-tools/maven-plugin-annotations/3.1/maven-plugin-annotations-3.1.pom
Progress (1): 1.6 kB                    Downloaded from central: https://repo.maven.apache.org/maven2/org/apache/maven/plugin-tools/maven-plugin-annotations/3.1/maven-plugin-annotations-3.1.pom (1.6 kB at 17 kB/s)
Downloading from central: https://repo.maven.apache.org/maven2/org/apache/maven/plugin-tools/maven-plugin-tools/3.1/maven-plugin-tools-3.1.pom
Progress (1): 4.1/16 kBProgress (1): 8.2/16 kBProgress (1): 12/16 kB Progress (1): 16 kB                      Downloaded from central: https://repo.maven.apache.org/maven2/org/apache/maven/plugin-tools/maven-plugin-tools/3.1/maven-plugin-tools-3.1.pom (16 kB at 180 kB/s)
Downloading from central: https://repo.maven.apache.org/maven2/org/apache/maven/maven-artifact/2.0.9/maven-artifact-2.0.9.pom
Progress (1): 1.6 kB                    Downloaded from central: https://repo.maven.apache.org/maven2/org/apache/maven/maven-artifact/2.0.9/maven-artifact-2.0.9.pom (1.6 kB at 17 kB/s)
Downloading from central: https://repo.maven.apache.org/maven2/org/codehaus/plexus/plexus-utils/3.0.8/plexus-utils-3.0.8.pom
Progress (1): 3.1 kB                    Downloaded from central: https://repo.maven.apache.org/maven2/org/codehaus/plexus/plexus-utils/3.0.8/plexus-utils-3.0.8.pom (3.1 kB at 35 kB/s)
Downloading from central: https://repo.maven.apache.org/maven2/org/codehaus/plexus/plexus/3.2/plexus-3.2.pom
Progress (1): 4.1/19 kBProgress (1): 8.2/19 kBProgress (1): 12/19 kB Progress (1): 16/19 kBProgress (1): 19 kB                      Downloaded from central: https://repo.maven.apache.org/maven2/org/codehaus/plexus/plexus/3.2/plexus-3.2.pom (19 kB at 191 kB/s)
Downloading from central: https://repo.maven.apache.org/maven2/org/sonatype/spice/spice-parent/17/spice-parent-17.pom
Downloaded from central: https://repo.maven.apache.org/maven2/org/sonatype/spice/spice-parent/17/spice-parent-17.pom (0 B at 0 B/s)
Downloading from central: https://repo.maven.apache.org/maven2/org/sonatype/forge/forge-parent/10/forge-parent-10.pom
Downloaded from central: https://repo.maven.apache.org/maven2/org/sonatype/forge/forge-parent/10/forge-parent-10.pom (0 B at 0 B/s)
Downloading from central: https://repo.maven.apache.org/maven2/org/apache/maven/maven-project/2.0.9/maven-project-2.0.9.pom
Progress (1): 2.7 kB                    Downloaded from central: https://repo.maven.apache.org/maven2/org/apache/maven/maven-project/2.0.9/maven-project-2.0.9.pom (2.7 kB at 30 kB/s)
Downloading from central: https://repo.maven.apache.org/maven2/org/apache/maven/maven-settings/2.0.9/maven-settings-2.0.9.pom
Progress (1): 2.1 kB                    Downloaded from central: https://repo.maven.apache.org/maven2/org/apache/maven/maven-settings/2.0.9/maven-settings-2.0.9.pom (2.1 kB at 22 kB/s)
Downloading from central: https://repo.maven.apache.org/maven2/org/apache/maven/maven-model/2.0.9/maven-model-2.0.9.pom
Progress (1): 3.1 kB                    Downloaded from central: https://repo.maven.apache.org/maven2/org/apache/maven/maven-model/2.0.9/maven-model-2.0.9.pom (3.1 kB at 29 kB/s)
Downloading from central: https://repo.maven.apache.org/maven2/org/apache/maven/maven-profile/2.0.9/maven-profile-2.0.9.pom
Progress (1): 2.0 kB                    Downloaded from central: https://repo.maven.apache.org/maven2/org/apache/maven/maven-profile/2.0.9/maven-profile-2.0.9.pom (2.0 kB at 20 kB/s)
Downloading from central: https://repo.maven.apache.org/maven2/org/apache/maven/maven-artifact-manager/2.0.9/maven-artifact-manager-2.0.9.pom
Progress (1): 2.7 kB                    Downloaded from central: https://repo.maven.apache.org/maven2/org/apache/maven/maven-artifact-manager/2.0.9/maven-artifact-manager-2.0.9.pom (2.7 kB at 28 kB/s)
Downloading from central: https://repo.maven.apache.org/maven2/org/apache/maven/maven-repository-metadata/2.0.9/maven-repository-metadata-2.0.9.pom
Progress (1): 1.9 kB                    Downloaded from central: https://repo.maven.apache.org/maven2/org/apache/maven/maven-repository-metadata/2.0.9/maven-repository-metadata-2.0.9.pom (1.9 kB at 20 kB/s)
Downloading from central: https://repo.maven.apache.org/maven2/org/apache/maven/maven-plugin-registry/2.0.9/maven-plugin-registry-2.0.9.pom
Progress (1): 2.0 kB                    Downloaded from central: https://repo.maven.apache.org/maven2/org/apache/maven/maven-plugin-registry/2.0.9/maven-plugin-registry-2.0.9.pom (2.0 kB at 21 kB/s)
Downloading from central: https://repo.maven.apache.org/maven2/org/apache/maven/maven-core/2.0.9/maven-core-2.0.9.pom
Progress (1): 4.1/7.8 kBProgress (1): 7.8 kB                        Downloaded from central: https://repo.maven.apache.org/maven2/org/apache/maven/maven-core/2.0.9/maven-core-2.0.9.pom (7.8 kB at 81 kB/s)
Downloading from central: https://repo.maven.apache.org/maven2/org/apache/maven/maven-plugin-parameter-documenter/2.0.9/maven-plugin-parameter-documenter-2.0.9.pom
Progress (1): 2.0 kB                    Downloaded from central: https://repo.maven.apache.org/maven2/org/apache/maven/maven-plugin-parameter-documenter/2.0.9/maven-plugin-parameter-documenter-2.0.9.pom (2.0 kB at 22 kB/s)
Downloading from central: https://repo.maven.apache.org/maven2/org/apache/maven/reporting/maven-reporting-api/2.0.9/maven-reporting-api-2.0.9.pom
Progress (1): 1.8 kB                    Downloaded from central: https://repo.maven.apache.org/maven2/org/apache/maven/reporting/maven-reporting-api/2.0.9/maven-reporting-api-2.0.9.pom (1.8 kB at 17 kB/s)
Downloading from central: https://repo.maven.apache.org/maven2/org/apache/maven/reporting/maven-reporting/2.0.9/maven-reporting-2.0.9.pom
Progress (1): 1.5 kB                    Downloaded from central: https://repo.maven.apache.org/maven2/org/apache/maven/reporting/maven-reporting/2.0.9/maven-reporting-2.0.9.pom (1.5 kB at 16 kB/s)
Downloading from central: https://repo.maven.apache.org/maven2/org/apache/maven/maven-error-diagnostics/2.0.9/maven-error-diagnostics-2.0.9.pom
Progress (1): 1.7 kB                    Downloaded from central: https://repo.maven.apache.org/maven2/org/apache/maven/maven-error-diagnostics/2.0.9/maven-error-diagnostics-2.0.9.pom (1.7 kB at 19 kB/s)
Downloading from central: https://repo.maven.apache.org/maven2/org/apache/maven/maven-plugin-descriptor/2.0.9/maven-plugin-descriptor-2.0.9.pom
Progress (1): 2.1 kB                    Downloaded from central: https://repo.maven.apache.org/maven2/org/apache/maven/maven-plugin-descriptor/2.0.9/maven-plugin-descriptor-2.0.9.pom (2.1 kB at 25 kB/s)
Downloading from central: https://repo.maven.apache.org/maven2/org/apache/maven/maven-monitor/2.0.9/maven-monitor-2.0.9.pom
Progress (1): 1.3 kB                    Downloaded from central: https://repo.maven.apache.org/maven2/org/apache/maven/maven-monitor/2.0.9/maven-monitor-2.0.9.pom (1.3 kB at 15 kB/s)
Downloading from central: https://repo.maven.apache.org/maven2/org/apache/maven/maven-toolchain/2.0.9/maven-toolchain-2.0.9.pom
Progress (1): 3.5 kB                    Downloaded from central: https://repo.maven.apache.org/maven2/org/apache/maven/maven-toolchain/2.0.9/maven-toolchain-2.0.9.pom (3.5 kB at 35 kB/s)
Downloading from central: https://repo.maven.apache.org/maven2/org/apache/commons/commons-lang3/3.1/commons-lang3-3.1.pom
Downloaded from central: https://repo.maven.apache.org/maven2/org/apache/commons/commons-lang3/3.1/commons-lang3-3.1.pom (0 B at 0 B/s)
Downloading from central: https://repo.maven.apache.org/maven2/org/apache/commons/commons-parent/22/commons-parent-22.pom
Downloaded from central: https://repo.maven.apache.org/maven2/org/apache/commons/commons-parent/22/commons-parent-22.pom (0 B at 0 B/s)
Downloading from central: https://repo.maven.apache.org/maven2/org/apache/apache/9/apache-9.pom
Downloaded from central: https://repo.maven.apache.org/maven2/org/apache/apache/9/apache-9.pom (0 B at 0 B/s)
Downloading from central: https://repo.maven.apache.org/maven2/org/apache/maven/shared/maven-common-artifact-filters/1.3/maven-common-artifact-filters-1.3.pom
Progress (1): 3.7 kB                    Downloaded from central: https://repo.maven.apache.org/maven2/org/apache/maven/shared/maven-common-artifact-filters/1.3/maven-common-artifact-filters-1.3.pom (3.7 kB at 39 kB/s)
Downloading from central: https://repo.maven.apache.org/maven2/org/apache/maven/shared/maven-shared-components/12/maven-shared-components-12.pom
Progress (1): 4.1/9.3 kBProgress (1): 8.2/9.3 kBProgress (1): 9.3 kB                        Downloaded from central: https://repo.maven.apache.org/maven2/org/apache/maven/shared/maven-shared-components/12/maven-shared-components-12.pom (9.3 kB at 98 kB/s)
Downloading from central: https://repo.maven.apache.org/maven2/org/apache/maven/maven-parent/13/maven-parent-13.pom
Progress (1): 4.1/23 kBProgress (1): 8.2/23 kBProgress (1): 12/23 kB Progress (1): 16/23 kBProgress (1): 20/23 kBProgress (1): 23 kB                      Downloaded from central: https://repo.maven.apache.org/maven2/org/apache/maven/maven-parent/13/maven-parent-13.pom (23 kB at 210 kB/s)
Downloading from central: https://repo.maven.apache.org/maven2/org/apache/apache/6/apache-6.pom
Downloaded from central: https://repo.maven.apache.org/maven2/org/apache/apache/6/apache-6.pom (0 B at 0 B/s)
Downloading from central: https://repo.maven.apache.org/maven2/org/codehaus/plexus/plexus-container-default/1.0-alpha-9/plexus-container-default-1.0-alpha-9.pom
Downloaded from central: https://repo.maven.apache.org/maven2/org/codehaus/plexus/plexus-container-default/1.0-alpha-9/plexus-container-default-1.0-alpha-9.pom (0 B at 0 B/s)
Downloading from central: https://repo.maven.apache.org/maven2/org/apache/maven/maven-plugin-api/2.0.9/maven-plugin-api-2.0.9.jar
Downloading from central: https://repo.maven.apache.org/maven2/org/apache/maven/surefire/surefire-booter/2.12.4/surefire-booter-2.12.4.jar
Downloading from central: https://repo.maven.apache.org/maven2/org/apache/commons/commons-lang3/3.1/commons-lang3-3.1.jar
Downloading from central: https://repo.maven.apache.org/maven2/org/apache/maven/surefire/maven-surefire-common/2.12.4/maven-surefire-common-2.12.4.jar
Downloading from central: https://repo.maven.apache.org/maven2/org/apache/maven/surefire/surefire-api/2.12.4/surefire-api-2.12.4.jar
Downloaded from central: https://repo.maven.apache.org/maven2/org/apache/commons/commons-lang3/3.1/commons-lang3-3.1.jar (0 B at 0 B/s)
Downloading from central: https://repo.maven.apache.org/maven2/org/apache/maven/shared/maven-common-artifact-filters/1.3/maven-common-artifact-filters-1.3.jar
Progress (1): 4.1/263 kBProgress (1): 8.2/263 kBProgress (1): 12/263 kB Progress (1): 16/263 kBProgress (1): 20/263 kBProgress (1): 25/263 kBProgress (1): 29/263 kBProgress (1): 33/263 kBProgress (2): 33/263 kB | 4.1/13 kBProgress (2): 33/263 kB | 8.2/13 kBProgress (2): 37/263 kB | 8.2/13 kBProgress (2): 37/263 kB | 12/13 kB Progress (2): 41/263 kB | 12/13 kBProgress (2): 41/263 kB | 13 kB   Progress (2): 45/263 kB | 13 kBProgress (3): 45/263 kB | 13 kB | 4.1/118 kBProgress (3): 49/263 kB | 13 kB | 4.1/118 kBProgress (3): 49/263 kB | 13 kB | 8.2/118 kBProgress (3): 53/263 kB | 13 kB | 8.2/118 kBProgress (3): 53/263 kB | 13 kB | 12/118 kB Progress (3): 57/263 kB | 13 kB | 12/118 kBProgress (3): 57/263 kB | 13 kB | 16/118 kBProgress (3): 61/263 kB | 13 kB | 16/118 kBProgress (3): 66/263 kB | 13 kB | 16/118 kBProgress (3): 66/263 kB | 13 kB | 20/118 kBProgress (3): 66/263 kB | 13 kB | 25/118 kBProgress (3): 66/263 kB | 13 kB | 29/118 kBProgress (3): 70/263 kB | 13 kB | 29/118 kBProgress (3): 70/263 kB | 13 kB | 33/118 kBProgress (3): 74/263 kB | 13 kB | 33/118 kBProgress (3): 78/263 kB | 13 kB | 33/118 kBProgress (3): 78/263 kB | 13 kB | 37/118 kBProgress (3): 82/263 kB | 13 kB | 37/118 kBProgress (3): 82/263 kB | 13 kB | 41/118 kBProgress (3): 82/263 kB | 13 kB | 45/118 kBProgress (3): 86/263 kB | 13 kB | 45/118 kBProgress (3): 90/263 kB | 13 kB | 45/118 kBProgress (3): 90/263 kB | 13 kB | 49/118 kBProgress (3): 94/263 kB | 13 kB | 49/118 kBProgress (4): 94/263 kB | 13 kB | 49/118 kB | 4.1/35 kBProgress (4): 94/263 kB | 13 kB | 53/118 kB | 4.1/35 kBProgress (4): 98/263 kB | 13 kB | 53/118 kB | 4.1/35 kBProgress (4): 98/263 kB | 13 kB | 57/118 kB | 4.1/35 kBProgress (4): 98/263 kB | 13 kB | 57/118 kB | 8.2/35 kBProgress (4): 98/263 kB | 13 kB | 57/118 kB | 12/35 kB Progress (4): 102/263 kB | 13 kB | 57/118 kB | 12/35 kBProgress (4): 102/263 kB | 13 kB | 61/118 kB | 12/35 kBProgress (4): 106/263 kB | 13 kB | 61/118 kB | 12/35 kBProgress (4): 106/263 kB | 13 kB | 61/118 kB | 16/35 kBProgress (4): 111/263 kB | 13 kB | 61/118 kB | 16/35 kBProgress (4): 111/263 kB | 13 kB | 66/118 kB | 16/35 kBProgress (4): 111/263 kB | 13 kB | 66/118 kB | 20/35 kBProgress (4): 115/263 kB | 13 kB | 66/118 kB | 20/35 kBProgress (4): 115/263 kB | 13 kB | 70/118 kB | 20/35 kBProgress (4): 115/263 kB | 13 kB | 70/118 kB | 25/35 kBProgress (4): 115/263 kB | 13 kB | 70/118 kB | 29/35 kBProgress (4): 115/263 kB | 13 kB | 74/118 kB | 29/35 kBProgress (4): 115/263 kB | 13 kB | 74/118 kB | 33/35 kBProgress (4): 119/263 kB | 13 kB | 74/118 kB | 33/35 kBProgress (4): 119/263 kB | 13 kB | 78/118 kB | 33/35 kBProgress (4): 123/263 kB | 13 kB | 78/118 kB | 33/35 kBProgress (4): 123/263 kB | 13 kB | 78/118 kB | 35 kB   Progress (4): 127/263 kB | 13 kB | 78/118 kB | 35 kBProgress (4): 127/263 kB | 13 kB | 82/118 kB | 35 kBProgress (4): 131/263 kB | 13 kB | 82/118 kB | 35 kBProgress (4): 131/263 kB | 13 kB | 86/118 kB | 35 kBProgress (4): 135/263 kB | 13 kB | 86/118 kB | 35 kBProgress (4): 135/263 kB | 13 kB | 90/118 kB | 35 kBProgress (4): 139/263 kB | 13 kB | 90/118 kB | 35 kBProgress (4): 139/263 kB | 13 kB | 94/118 kB | 35 kBProgress (4): 143/263 kB | 13 kB | 94/118 kB | 35 kBProgress (4): 143/263 kB | 13 kB | 98/118 kB | 35 kBProgress (4): 147/263 kB | 13 kB | 98/118 kB | 35 kBProgress (4): 147/263 kB | 13 kB | 102/118 kB | 35 kBProgress (4): 152/263 kB | 13 kB | 102/118 kB | 35 kBProgress (4): 152/263 kB | 13 kB | 106/118 kB | 35 kBProgress (4): 156/263 kB | 13 kB | 106/118 kB | 35 kBProgress (4): 156/263 kB | 13 kB | 111/118 kB | 35 kBProgress (4): 160/263 kB | 13 kB | 111/118 kB | 35 kBProgress (4): 160/263 kB | 13 kB | 115/118 kB | 35 kBProgress (4): 164/263 kB | 13 kB | 115/118 kB | 35 kBProgress (4): 164/263 kB | 13 kB | 118 kB | 35 kB    Progress (5): 164/263 kB | 13 kB | 118 kB | 35 kB | 4.1/31 kBProgress (5): 168/263 kB | 13 kB | 118 kB | 35 kB | 4.1/31 kBProgress (5): 168/263 kB | 13 kB | 118 kB | 35 kB | 8.2/31 kBProgress (5): 172/263 kB | 13 kB | 118 kB | 35 kB | 8.2/31 kBProgress (5): 172/263 kB | 13 kB | 118 kB | 35 kB | 12/31 kB Progress (5): 176/263 kB | 13 kB | 118 kB | 35 kB | 12/31 kBProgress (5): 176/263 kB | 13 kB | 118 kB | 35 kB | 16/31 kBProgress (5): 180/263 kB | 13 kB | 118 kB | 35 kB | 16/31 kBProgress (5): 184/263 kB | 13 kB | 118 kB | 35 kB | 16/31 kBProgress (5): 184/263 kB | 13 kB | 118 kB | 35 kB | 20/31 kBProgress (5): 188/263 kB | 13 kB | 118 kB | 35 kB | 20/31 kBProgress (5): 188/263 kB | 13 kB | 118 kB | 35 kB | 24/31 kBProgress (5): 193/263 kB | 13 kB | 118 kB | 35 kB | 24/31 kBProgress (5): 193/263 kB | 13 kB | 118 kB | 35 kB | 28/31 kBProgress (5): 197/263 kB | 13 kB | 118 kB | 35 kB | 28/31 kBProgress (5): 197/263 kB | 13 kB | 118 kB | 35 kB | 31 kB   Progress (5): 201/263 kB | 13 kB | 118 kB | 35 kB | 31 kBProgress (5): 205/263 kB | 13 kB | 118 kB | 35 kB | 31 kBProgress (5): 209/263 kB | 13 kB | 118 kB | 35 kB | 31 kBProgress (5): 213/263 kB | 13 kB | 118 kB | 35 kB | 31 kBProgress (5): 217/263 kB | 13 kB | 118 kB | 35 kB | 31 kB                                                         Downloaded from central: https://repo.maven.apache.org/maven2/org/apache/maven/maven-plugin-api/2.0.9/maven-plugin-api-2.0.9.jar (13 kB at 113 kB/s)
Progress (4): 221/263 kB | 118 kB | 35 kB | 31 kB                                                 Downloading from central: https://repo.maven.apache.org/maven2/org/codehaus/plexus/plexus-utils/3.0.8/plexus-utils-3.0.8.jar
Progress (4): 225/263 kB | 118 kB | 35 kB | 31 kBProgress (4): 229/263 kB | 118 kB | 35 kB | 31 kBProgress (4): 233/263 kB | 118 kB | 35 kB | 31 kBProgress (4): 238/263 kB | 118 kB | 35 kB | 31 kBProgress (4): 242/263 kB | 118 kB | 35 kB | 31 kBProgress (4): 246/263 kB | 118 kB | 35 kB | 31 kBProgress (4): 250/263 kB | 118 kB | 35 kB | 31 kBProgress (4): 254/263 kB | 118 kB | 35 kB | 31 kBProgress (4): 258/263 kB | 118 kB | 35 kB | 31 kBProgress (4): 262/263 kB | 118 kB | 35 kB | 31 kBProgress (4): 263 kB | 118 kB | 35 kB | 31 kB                                                 Downloaded from central: https://repo.maven.apache.org/maven2/org/apache/maven/surefire/surefire-booter/2.12.4/surefire-booter-2.12.4.jar (35 kB at 265 kB/s)
Downloading from central: https://repo.maven.apache.org/maven2/org/apache/maven/maven-artifact/2.0.9/maven-artifact-2.0.9.jar
Downloaded from central: https://repo.maven.apache.org/maven2/org/apache/maven/surefire/surefire-api/2.12.4/surefire-api-2.12.4.jar (118 kB at 865 kB/s)
Downloading from central: https://repo.maven.apache.org/maven2/org/apache/maven/maven-project/2.0.9/maven-project-2.0.9.jar
Downloaded from central: https://repo.maven.apache.org/maven2/org/apache/maven/shared/maven-common-artifact-filters/1.3/maven-common-artifact-filters-1.3.jar (31 kB at 217 kB/s)
Downloading from central: https://repo.maven.apache.org/maven2/org/apache/maven/maven-settings/2.0.9/maven-settings-2.0.9.jar
Downloaded from central: https://repo.maven.apache.org/maven2/org/apache/maven/surefire/maven-surefire-common/2.12.4/maven-surefire-common-2.12.4.jar (263 kB at 1.7 MB/s)
Downloading from central: https://repo.maven.apache.org/maven2/org/apache/maven/maven-profile/2.0.9/maven-profile-2.0.9.jar
Progress (1): 4.1/232 kBProgress (1): 8.2/232 kBProgress (1): 12/232 kB Progress (1): 16/232 kBProgress (1): 20/232 kBProgress (1): 25/232 kBProgress (1): 29/232 kBProgress (1): 33/232 kBProgress (1): 37/232 kBProgress (1): 41/232 kBProgress (1): 45/232 kBProgress (1): 49/232 kBProgress (1): 53/232 kBProgress (1): 57/232 kBProgress (1): 61/232 kBProgress (1): 66/232 kBProgress (1): 70/232 kBProgress (1): 74/232 kBProgress (1): 78/232 kBProgress (1): 82/232 kBProgress (1): 86/232 kBProgress (1): 90/232 kBProgress (1): 94/232 kBProgress (1): 98/232 kBProgress (1): 102/232 kBProgress (1): 106/232 kBProgress (1): 111/232 kBProgress (1): 115/232 kBProgress (1): 119/232 kBProgress (1): 123/232 kBProgress (1): 127/232 kBProgress (1): 131/232 kBProgress (1): 135/232 kBProgress (1): 139/232 kBProgress (1): 143/232 kBProgress (1): 147/232 kBProgress (2): 147/232 kB | 4.1/49 kBProgress (2): 152/232 kB | 4.1/49 kBProgress (2): 152/232 kB | 8.2/49 kBProgress (2): 156/232 kB | 8.2/49 kBProgress (2): 156/232 kB | 12/49 kB Progress (2): 160/232 kB | 12/49 kBProgress (2): 160/232 kB | 16/49 kBProgress (2): 164/232 kB | 16/49 kBProgress (2): 168/232 kB | 16/49 kBProgress (3): 168/232 kB | 16/49 kB | 4.1/89 kBProgress (3): 172/232 kB | 16/49 kB | 4.1/89 kBProgress (3): 172/232 kB | 16/49 kB | 8.2/89 kBProgress (3): 176/232 kB | 16/49 kB | 8.2/89 kBProgress (3): 176/232 kB | 20/49 kB | 8.2/89 kBProgress (3): 176/232 kB | 20/49 kB | 12/89 kB Progress (3): 176/232 kB | 25/49 kB | 12/89 kBProgress (3): 180/232 kB | 25/49 kB | 12/89 kBProgress (3): 180/232 kB | 29/49 kB | 12/89 kBProgress (3): 180/232 kB | 29/49 kB | 16/89 kBProgress (3): 184/232 kB | 29/49 kB | 16/89 kBProgress (3): 188/232 kB | 29/49 kB | 16/89 kBProgress (3): 188/232 kB | 33/49 kB | 16/89 kBProgress (3): 193/232 kB | 33/49 kB | 16/89 kBProgress (3): 193/232 kB | 33/49 kB | 20/89 kBProgress (4): 193/232 kB | 33/49 kB | 20/89 kB | 4.1/35 kBProgress (4): 193/232 kB | 37/49 kB | 20/89 kB | 4.1/35 kBProgress (4): 193/232 kB | 37/49 kB | 25/89 kB | 4.1/35 kBProgress (4): 197/232 kB | 37/49 kB | 25/89 kB | 4.1/35 kBProgress (4): 197/232 kB | 37/49 kB | 29/89 kB | 4.1/35 kBProgress (4): 197/232 kB | 41/49 kB | 29/89 kB | 4.1/35 kBProgress (4): 197/232 kB | 41/49 kB | 29/89 kB | 8.2/35 kBProgress (4): 197/232 kB | 41/49 kB | 29/89 kB | 12/35 kB Progress (4): 197/232 kB | 45/49 kB | 29/89 kB | 12/35 kBProgress (4): 201/232 kB | 45/49 kB | 29/89 kB | 12/35 kBProgress (4): 201/232 kB | 45/49 kB | 33/89 kB | 12/35 kBProgress (4): 205/232 kB | 45/49 kB | 33/89 kB | 12/35 kBProgress (4): 205/232 kB | 49 kB | 33/89 kB | 12/35 kB   Progress (4): 205/232 kB | 49 kB | 33/89 kB | 16/35 kBProgress (4): 205/232 kB | 49 kB | 37/89 kB | 16/35 kBProgress (4): 205/232 kB | 49 kB | 41/89 kB | 16/35 kBProgress (4): 205/232 kB | 49 kB | 45/89 kB | 16/35 kBProgress (4): 209/232 kB | 49 kB | 45/89 kB | 16/35 kBProgress (4): 209/232 kB | 49 kB | 49/89 kB | 16/35 kBProgress (4): 209/232 kB | 49 kB | 49/89 kB | 20/35 kBProgress (4): 213/232 kB | 49 kB | 49/89 kB | 20/35 kBProgress (4): 213/232 kB | 49 kB | 49/89 kB | 25/35 kBProgress (4): 213/232 kB | 49 kB | 53/89 kB | 25/35 kBProgress (4): 217/232 kB | 49 kB | 53/89 kB | 25/35 kBProgress (4): 217/232 kB | 49 kB | 53/89 kB | 29/35 kBProgress (4): 221/232 kB | 49 kB | 53/89 kB | 29/35 kBProgress (4): 221/232 kB | 49 kB | 57/89 kB | 29/35 kBProgress (4): 225/232 kB | 49 kB | 57/89 kB | 29/35 kBProgress (4): 225/232 kB | 49 kB | 57/89 kB | 33/35 kBProgress (4): 229/232 kB | 49 kB | 57/89 kB | 33/35 kBProgress (4): 229/232 kB | 49 kB | 61/89 kB | 33/35 kBProgress (4): 232 kB | 49 kB | 61/89 kB | 33/35 kB    Progress (4): 232 kB | 49 kB | 61/89 kB | 35 kB   Progress (4): 232 kB | 49 kB | 66/89 kB | 35 kBProgress (4): 232 kB | 49 kB | 70/89 kB | 35 kBProgress (4): 232 kB | 49 kB | 74/89 kB | 35 kBProgress (4): 232 kB | 49 kB | 78/89 kB | 35 kBProgress (4): 232 kB | 49 kB | 82/89 kB | 35 kBProgress (4): 232 kB | 49 kB | 86/89 kB | 35 kBProgress (4): 232 kB | 49 kB | 89 kB | 35 kB                                               Downloaded from central: https://repo.maven.apache.org/maven2/org/apache/maven/maven-settings/2.0.9/maven-settings-2.0.9.jar (49 kB at 201 kB/s)
Downloading from central: https://repo.maven.apache.org/maven2/org/apache/maven/maven-model/2.0.9/maven-model-2.0.9.jar
Downloaded from central: https://repo.maven.apache.org/maven2/org/codehaus/plexus/plexus-utils/3.0.8/plexus-utils-3.0.8.jar (232 kB at 924 kB/s)
Downloading from central: https://repo.maven.apache.org/maven2/org/apache/maven/maven-artifact-manager/2.0.9/maven-artifact-manager-2.0.9.jar
Downloaded from central: https://repo.maven.apache.org/maven2/org/apache/maven/maven-profile/2.0.9/maven-profile-2.0.9.jar (35 kB at 134 kB/s)
Downloading from central: https://repo.maven.apache.org/maven2/org/apache/maven/maven-plugin-registry/2.0.9/maven-plugin-registry-2.0.9.jar
Downloaded from central: https://repo.maven.apache.org/maven2/org/apache/maven/maven-artifact/2.0.9/maven-artifact-2.0.9.jar (89 kB at 324 kB/s)
Downloading from central: https://repo.maven.apache.org/maven2/org/apache/maven/maven-core/2.0.9/maven-core-2.0.9.jar
Progress (1): 4.1/87 kBProgress (1): 8.2/87 kBProgress (1): 12/87 kB Progress (1): 16/87 kBProgress (1): 20/87 kBProgress (1): 25/87 kBProgress (1): 29/87 kBProgress (1): 33/87 kBProgress (2): 33/87 kB | 4.1/58 kBProgress (2): 33/87 kB | 8.2/58 kBProgress (2): 33/87 kB | 12/58 kB Progress (2): 33/87 kB | 16/58 kBProgress (2): 33/87 kB | 20/58 kBProgress (2): 33/87 kB | 25/58 kBProgress (3): 33/87 kB | 25/58 kB | 4.1/122 kBProgress (3): 37/87 kB | 25/58 kB | 4.1/122 kBProgress (3): 37/87 kB | 29/58 kB | 4.1/122 kBProgress (3): 41/87 kB | 29/58 kB | 4.1/122 kBProgress (3): 41/87 kB | 29/58 kB | 8.2/122 kBProgress (3): 41/87 kB | 33/58 kB | 8.2/122 kBProgress (3): 45/87 kB | 33/58 kB | 8.2/122 kBProgress (3): 45/87 kB | 37/58 kB | 8.2/122 kBProgress (3): 45/87 kB | 37/58 kB | 12/122 kB Progress (3): 45/87 kB | 41/58 kB | 12/122 kBProgress (3): 49/87 kB | 41/58 kB | 12/122 kBProgress (3): 49/87 kB | 45/58 kB | 12/122 kBProgress (3): 49/87 kB | 45/58 kB | 16/122 kBProgress (3): 49/87 kB | 49/58 kB | 16/122 kBProgress (3): 53/87 kB | 49/58 kB | 16/122 kBProgress (3): 57/87 kB | 49/58 kB | 16/122 kBProgress (3): 57/87 kB | 53/58 kB | 16/122 kBProgress (3): 61/87 kB | 53/58 kB | 16/122 kBProgress (3): 61/87 kB | 57/58 kB | 16/122 kBProgress (3): 66/87 kB | 57/58 kB | 16/122 kBProgress (3): 66/87 kB | 58 kB | 16/122 kB   Progress (3): 70/87 kB | 58 kB | 16/122 kBProgress (3): 74/87 kB | 58 kB | 16/122 kBProgress (3): 78/87 kB | 58 kB | 16/122 kBProgress (3): 82/87 kB | 58 kB | 16/122 kBProgress (3): 86/87 kB | 58 kB | 16/122 kBProgress (3): 87 kB | 58 kB | 16/122 kB   Progress (4): 87 kB | 58 kB | 16/122 kB | 4.1/29 kBProgress (4): 87 kB | 58 kB | 16/122 kB | 8.2/29 kBProgress (4): 87 kB | 58 kB | 16/122 kB | 12/29 kB Progress (4): 87 kB | 58 kB | 16/122 kB | 16/29 kBProgress (5): 87 kB | 58 kB | 16/122 kB | 16/29 kB | 4.1/160 kBProgress (5): 87 kB | 58 kB | 16/122 kB | 20/29 kB | 4.1/160 kBProgress (5): 87 kB | 58 kB | 16/122 kB | 20/29 kB | 8.2/160 kBProgress (5): 87 kB | 58 kB | 16/122 kB | 25/29 kB | 8.2/160 kBProgress (5): 87 kB | 58 kB | 16/122 kB | 25/29 kB | 12/160 kB Progress (5): 87 kB | 58 kB | 20/122 kB | 25/29 kB | 12/160 kBProgress (5): 87 kB | 58 kB | 20/122 kB | 29/29 kB | 12/160 kBProgress (5): 87 kB | 58 kB | 25/122 kB | 29/29 kB | 12/160 kBProgress (5): 87 kB | 58 kB | 25/122 kB | 29/29 kB | 16/160 kBProgress (5): 87 kB | 58 kB | 29/122 kB | 29/29 kB | 16/160 kBProgress (5): 87 kB | 58 kB | 29/122 kB | 29 kB | 16/160 kB   Progress (5): 87 kB | 58 kB | 33/122 kB | 29 kB | 16/160 kBProgress (5): 87 kB | 58 kB | 33/122 kB | 29 kB | 20/160 kBProgress (5): 87 kB | 58 kB | 37/122 kB | 29 kB | 20/160 kBProgress (5): 87 kB | 58 kB | 37/122 kB | 29 kB | 25/160 kBProgress (5): 87 kB | 58 kB | 41/122 kB | 29 kB | 25/160 kBProgress (5): 87 kB | 58 kB | 41/122 kB | 29 kB | 29/160 kBProgress (5): 87 kB | 58 kB | 45/122 kB | 29 kB | 29/160 kBProgress (5): 87 kB | 58 kB | 45/122 kB | 29 kB | 33/160 kBProgress (5): 87 kB | 58 kB | 49/122 kB | 29 kB | 33/160 kBProgress (5): 87 kB | 58 kB | 53/122 kB | 29 kB | 33/160 kBProgress (5): 87 kB | 58 kB | 57/122 kB | 29 kB | 33/160 kBProgress (5): 87 kB | 58 kB | 61/122 kB | 29 kB | 33/160 kBProgress (5): 87 kB | 58 kB | 61/122 kB | 29 kB | 37/160 kBProgress (5): 87 kB | 58 kB | 66/122 kB | 29 kB | 37/160 kBProgress (5): 87 kB | 58 kB | 66/122 kB | 29 kB | 41/160 kBProgress (5): 87 kB | 58 kB | 70/122 kB | 29 kB | 41/160 kB                                                           Downloaded from central: https://repo.maven.apache.org/maven2/org/apache/maven/maven-model/2.0.9/maven-model-2.0.9.jar (87 kB at 250 kB/s)
Downloaded from central: https://repo.maven.apache.org/maven2/org/apache/maven/maven-artifact-manager/2.0.9/maven-artifact-manager-2.0.9.jar (58 kB at 165 kB/s)
Progress (3): 74/122 kB | 29 kB | 41/160 kBProgress (3): 74/122 kB | 29 kB | 45/160 kBProgress (3): 78/122 kB | 29 kB | 45/160 kB                                           Downloading from central: https://repo.maven.apache.org/maven2/org/apache/maven/reporting/maven-reporting-api/2.0.9/maven-reporting-api-2.0.9.jar
Downloading from central: https://repo.maven.apache.org/maven2/org/apache/maven/maven-plugin-parameter-documenter/2.0.9/maven-plugin-parameter-documenter-2.0.9.jar
Progress (3): 82/122 kB | 29 kB | 45/160 kBProgress (3): 82/122 kB | 29 kB | 49/160 kBProgress (3): 86/122 kB | 29 kB | 49/160 kBProgress (3): 90/122 kB | 29 kB | 49/160 kBProgress (3): 94/122 kB | 29 kB | 49/160 kBProgress (3): 98/122 kB | 29 kB | 49/160 kBProgress (3): 98/122 kB | 29 kB | 53/160 kBProgress (3): 98/122 kB | 29 kB | 57/160 kBProgress (3): 102/122 kB | 29 kB | 57/160 kBProgress (3): 102/122 kB | 29 kB | 61/160 kBProgress (3): 106/122 kB | 29 kB | 61/160 kBProgress (3): 106/122 kB | 29 kB | 66/160 kBProgress (3): 111/122 kB | 29 kB | 66/160 kBProgress (3): 111/122 kB | 29 kB | 70/160 kBProgress (3): 115/122 kB | 29 kB | 70/160 kBProgress (3): 115/122 kB | 29 kB | 74/160 kBProgress (3): 115/122 kB | 29 kB | 78/160 kBProgress (3): 119/122 kB | 29 kB | 78/160 kBProgress (3): 119/122 kB | 29 kB | 82/160 kBProgress (3): 122 kB | 29 kB | 82/160 kB    Progress (3): 122 kB | 29 kB | 86/160 kBProgress (3): 122 kB | 29 kB | 90/160 kBProgress (3): 122 kB | 29 kB | 94/160 kBProgress (3): 122 kB | 29 kB | 98/160 kBProgress (3): 122 kB | 29 kB | 102/160 kBProgress (3): 122 kB | 29 kB | 106/160 kBProgress (3): 122 kB | 29 kB | 111/160 kBProgress (3): 122 kB | 29 kB | 115/160 kB                                         Downloaded from central: https://repo.maven.apache.org/maven2/org/apache/maven/maven-plugin-registry/2.0.9/maven-plugin-registry-2.0.9.jar (29 kB at 76 kB/s)
Downloading from central: https://repo.maven.apache.org/maven2/org/apache/maven/maven-repository-metadata/2.0.9/maven-repository-metadata-2.0.9.jar
Progress (2): 122 kB | 119/160 kBProgress (2): 122 kB | 123/160 kBProgress (2): 122 kB | 127/160 kBProgress (2): 122 kB | 131/160 kBProgress (2): 122 kB | 135/160 kBProgress (2): 122 kB | 139/160 kBProgress (2): 122 kB | 143/160 kBProgress (2): 122 kB | 147/160 kBProgress (2): 122 kB | 152/160 kBProgress (2): 122 kB | 156/160 kBProgress (3): 122 kB | 156/160 kB | 4.1/21 kBProgress (4): 122 kB | 156/160 kB | 4.1/21 kB | 4.1/10 kBProgress (4): 122 kB | 156/160 kB | 8.2/21 kB | 4.1/10 kBProgress (4): 122 kB | 160 kB | 8.2/21 kB | 4.1/10 kB    Progress (4): 122 kB | 160 kB | 12/21 kB | 4.1/10 kB Progress (4): 122 kB | 160 kB | 12/21 kB | 8.2/10 kBProgress (4): 122 kB | 160 kB | 16/21 kB | 8.2/10 kBProgress (4): 122 kB | 160 kB | 16/21 kB | 10 kB    Progress (4): 122 kB | 160 kB | 20/21 kB | 10 kBProgress (4): 122 kB | 160 kB | 21 kB | 10 kB                                                Downloaded from central: https://repo.maven.apache.org/maven2/org/apache/maven/maven-project/2.0.9/maven-project-2.0.9.jar (122 kB at 293 kB/s)
Downloading from central: https://repo.maven.apache.org/maven2/org/apache/maven/maven-error-diagnostics/2.0.9/maven-error-diagnostics-2.0.9.jar
Progress (4): 160 kB | 21 kB | 10 kB | 4.1/25 kBProgress (4): 160 kB | 21 kB | 10 kB | 8.2/25 kBProgress (4): 160 kB | 21 kB | 10 kB | 12/25 kB Progress (4): 160 kB | 21 kB | 10 kB | 16/25 kB                                               Downloaded from central: https://repo.maven.apache.org/maven2/org/apache/maven/maven-core/2.0.9/maven-core-2.0.9.jar (160 kB at 360 kB/s)
Downloading from central: https://repo.maven.apache.org/maven2/org/apache/maven/maven-plugin-descriptor/2.0.9/maven-plugin-descriptor-2.0.9.jar
Progress (3): 21 kB | 10 kB | 20/25 kBProgress (3): 21 kB | 10 kB | 25 kB                                      Downloaded from central: https://repo.maven.apache.org/maven2/org/apache/maven/maven-plugin-parameter-documenter/2.0.9/maven-plugin-parameter-documenter-2.0.9.jar (21 kB at 46 kB/s)
Downloading from central: https://repo.maven.apache.org/maven2/org/apache/maven/maven-monitor/2.0.9/maven-monitor-2.0.9.jar
Downloaded from central: https://repo.maven.apache.org/maven2/org/apache/maven/reporting/maven-reporting-api/2.0.9/maven-reporting-api-2.0.9.jar (10 kB at 22 kB/s)
Downloading from central: https://repo.maven.apache.org/maven2/org/apache/maven/maven-toolchain/2.0.9/maven-toolchain-2.0.9.jar
Progress (2): 25 kB | 4.1/14 kBProgress (2): 25 kB | 8.2/14 kBProgress (2): 25 kB | 12/14 kB Progress (2): 25 kB | 14 kB   Progress (3): 25 kB | 14 kB | 4.1/37 kBProgress (3): 25 kB | 14 kB | 8.2/37 kBProgress (3): 25 kB | 14 kB | 12/37 kB Progress (3): 25 kB | 14 kB | 16/37 kBProgress (3): 25 kB | 14 kB | 20/37 kBProgress (4): 25 kB | 14 kB | 20/37 kB | 4.1/10 kBProgress (4): 25 kB | 14 kB | 25/37 kB | 4.1/10 kBProgress (4): 25 kB | 14 kB | 25/37 kB | 8.2/10 kBProgress (4): 25 kB | 14 kB | 29/37 kB | 8.2/10 kBProgress (4): 25 kB | 14 kB | 29/37 kB | 10 kB    Progress (4): 25 kB | 14 kB | 33/37 kB | 10 kB                                              Downloaded from central: https://repo.maven.apache.org/maven2/org/apache/maven/maven-repository-metadata/2.0.9/maven-repository-metadata-2.0.9.jar (25 kB at 49 kB/s)
Progress (3): 14 kB | 37/37 kB | 10 kB                                      Downloading from central: https://repo.maven.apache.org/maven2/org/apache/maven/plugin-tools/maven-plugin-annotations/3.1/maven-plugin-annotations-3.1.jar
Progress (3): 14 kB | 37 kB | 10 kBProgress (4): 14 kB | 37 kB | 10 kB | 4.1/38 kB                                               Downloaded from central: https://repo.maven.apache.org/maven2/org/apache/maven/maven-error-diagnostics/2.0.9/maven-error-diagnostics-2.0.9.jar (14 kB at 27 kB/s)
Progress (3): 37 kB | 10 kB | 8.2/38 kBProgress (3): 37 kB | 10 kB | 12/38 kB Progress (3): 37 kB | 10 kB | 16/38 kBProgress (3): 37 kB | 10 kB | 20/38 kBProgress (3): 37 kB | 10 kB | 25/38 kBProgress (3): 37 kB | 10 kB | 29/38 kBProgress (3): 37 kB | 10 kB | 33/38 kBProgress (3): 37 kB | 10 kB | 37/38 kBProgress (3): 37 kB | 10 kB | 38 kB                                      Downloaded from central: https://repo.maven.apache.org/maven2/org/apache/maven/maven-monitor/2.0.9/maven-monitor-2.0.9.jar (10 kB at 19 kB/s)
Progress (3): 37 kB | 38 kB | 4.1/14 kBProgress (3): 37 kB | 38 kB | 8.2/14 kBProgress (3): 37 kB | 38 kB | 12/14 kB Progress (3): 37 kB | 38 kB | 14 kB                                      Downloaded from central: https://repo.maven.apache.org/maven2/org/apache/maven/maven-plugin-descriptor/2.0.9/maven-plugin-descriptor-2.0.9.jar (37 kB at 67 kB/s)
Downloaded from central: https://repo.maven.apache.org/maven2/org/apache/maven/maven-toolchain/2.0.9/maven-toolchain-2.0.9.jar (38 kB at 66 kB/s)
Downloaded from central: https://repo.maven.apache.org/maven2/org/apache/maven/plugin-tools/maven-plugin-annotations/3.1/maven-plugin-annotations-3.1.jar (14 kB at 24 kB/s)
[INFO] Surefire report directory: /var/jenkins_home/workspace/jenkins-docker-maven-github-example/target/surefire-reports
Downloading from central: https://repo.maven.apache.org/maven2/org/apache/maven/surefire/surefire-junit4/2.12.4/surefire-junit4-2.12.4.pom
Progress (1): 2.4 kB                    Downloaded from central: https://repo.maven.apache.org/maven2/org/apache/maven/surefire/surefire-junit4/2.12.4/surefire-junit4-2.12.4.pom (2.4 kB at 31 kB/s)
Downloading from central: https://repo.maven.apache.org/maven2/org/apache/maven/surefire/surefire-providers/2.12.4/surefire-providers-2.12.4.pom
Progress (1): 2.3 kB                    Downloaded from central: https://repo.maven.apache.org/maven2/org/apache/maven/surefire/surefire-providers/2.12.4/surefire-providers-2.12.4.pom (2.3 kB at 33 kB/s)
Downloading from central: https://repo.maven.apache.org/maven2/org/apache/maven/surefire/surefire-junit4/2.12.4/surefire-junit4-2.12.4.jar
Progress (1): 4.1/37 kBProgress (1): 8.2/37 kBProgress (1): 12/37 kB Progress (1): 16/37 kBProgress (1): 20/37 kBProgress (1): 24/37 kBProgress (1): 28/37 kBProgress (1): 32/37 kBProgress (1): 36/37 kBProgress (1): 37 kB                      Downloaded from central: https://repo.maven.apache.org/maven2/org/apache/maven/surefire/surefire-junit4/2.12.4/surefire-junit4-2.12.4.jar (37 kB at 513 kB/s)

-------------------------------------------------------
 T E S T S
-------------------------------------------------------
Running com.mcnz.rps.GameSummaryTest
Tests run: 4, Failures: 0, Errors: 0, Skipped: 0, Time elapsed: 0.061 sec
Running com.mcnz.rps.ScoreTest
Tests run: 4, Failures: 1, Errors: 0, Skipped: 0, Time elapsed: 0.002 sec <<< FAILURE!
testWillFail(com.mcnz.rps.ScoreTest)  Time elapsed: 0.001 sec  <<< FAILURE!
java.lang.AssertionError
	at org.junit.Assert.fail(Assert.java:86)
	at org.junit.Assert.assertTrue(Assert.java:41)
	at org.junit.Assert.assertTrue(Assert.java:52)
	at com.mcnz.rps.ScoreTest.testWillFail(ScoreTest.java:37)
	at java.base/jdk.internal.reflect.NativeMethodAccessorImpl.invoke0(Native Method)
	at java.base/jdk.internal.reflect.NativeMethodAccessorImpl.invoke(Unknown Source)
	at java.base/jdk.internal.reflect.DelegatingMethodAccessorImpl.invoke(Unknown Source)
	at java.base/java.lang.reflect.Method.invoke(Unknown Source)
	at org.junit.runners.model.FrameworkMethod$1.runReflectiveCall(FrameworkMethod.java:47)
	at org.junit.internal.runners.model.ReflectiveCallable.run(ReflectiveCallable.java:12)
	at org.junit.runners.model.FrameworkMethod.invokeExplosively(FrameworkMethod.java:44)
	at org.junit.internal.runners.statements.InvokeMethod.evaluate(InvokeMethod.java:17)
	at org.junit.runners.ParentRunner.runLeaf(ParentRunner.java:271)
	at org.junit.runners.BlockJUnit4ClassRunner.runChild(BlockJUnit4ClassRunner.java:70)
	at org.junit.runners.BlockJUnit4ClassRunner.runChild(BlockJUnit4ClassRunner.java:50)
	at org.junit.runners.ParentRunner$3.run(ParentRunner.java:238)
	at org.junit.runners.ParentRunner$1.schedule(ParentRunner.java:63)
	at org.junit.runners.ParentRunner.runChildren(ParentRunner.java:236)
	at org.junit.runners.ParentRunner.access$000(ParentRunner.java:53)
	at org.junit.runners.ParentRunner$2.evaluate(ParentRunner.java:229)
	at org.junit.runners.ParentRunner.run(ParentRunner.java:309)
	at org.apache.maven.surefire.junit4.JUnit4Provider.execute(JUnit4Provider.java:252)
	at org.apache.maven.surefire.junit4.JUnit4Provider.executeTestSet(JUnit4Provider.java:141)
	at org.apache.maven.surefire.junit4.JUnit4Provider.invoke(JUnit4Provider.java:112)
	at java.base/jdk.internal.reflect.NativeMethodAccessorImpl.invoke0(Native Method)
	at java.base/jdk.internal.reflect.NativeMethodAccessorImpl.invoke(Unknown Source)
	at java.base/jdk.internal.reflect.DelegatingMethodAccessorImpl.invoke(Unknown Source)
	at java.base/java.lang.reflect.Method.invoke(Unknown Source)
	at org.apache.maven.surefire.util.ReflectionUtils.invokeMethodWithArray(ReflectionUtils.java:189)
	at org.apache.maven.surefire.booter.ProviderFactory$ProviderProxy.invoke(ProviderFactory.java:165)
	at org.apache.maven.surefire.booter.ProviderFactory.invokeProvider(ProviderFactory.java:85)
	at org.apache.maven.surefire.booter.ForkedBooter.runSuitesInProcess(ForkedBooter.java:115)
	at org.apache.maven.surefire.booter.ForkedBooter.main(ForkedBooter.java:75)


Results :

Failed tests:   testWillFail(com.mcnz.rps.ScoreTest)

Tests run: 8, Failures: 1, Errors: 0, Skipped: 0

[INFO] ------------------------------------------------------------------------
[INFO] BUILD FAILURE
[INFO] ------------------------------------------------------------------------
[INFO] Total time:  17.138 s
[INFO] Finished at: 2022-09-22T11:45:32Z
[INFO] ------------------------------------------------------------------------
[ERROR] Failed to execute goal org.apache.maven.plugins:maven-surefire-plugin:2.12.4:test (default-test) on project roshambo: There are test failures.
[ERROR] 
[ERROR] Please refer to /var/jenkins_home/workspace/jenkins-docker-maven-github-example/target/surefire-reports for the individual test results.
[ERROR] -> [Help 1]
[ERROR] 
[ERROR] To see the full stack trace of the errors, re-run Maven with the -e switch.
[ERROR] Re-run Maven using the -X switch to enable full debug logging.
[ERROR] 
[ERROR] For more information about the errors and possible solutions, please read the following articles:
[ERROR] [Help 1] http://cwiki.apache.org/confluence/display/MAVEN/MojoFailureException
[8mha:////4OtcJqwSPdCvBEk57zYT3s/IDEPWIvmMqbfQsq6OEXp3AAAAox+LCAAAAAAAAP9tjTESgjAQRT84FraWHiJoY+NY2WZoPEGEGAOZXUwWofJEXs07yMiMlb/67zXv9cYyRRw5OtVYaj2lyqsu9G56auDYXgMPquGLqpgSB6tKO5Rc29OMJYvFvCzHQmNlqQqcPDnBWjfmYYpgyBVniZM7aOS+vuOJTE9lMVG+MEZsbn2dmH6dvwGMXSfId1tBtv8AqUpLPL0AAAA=[0m[Pipeline] }
[8mha:////4P6Q1MfNbojSjyBACiiHA3MasA6GIRsgpxbK+e/dZV2tAAAAox+LCAAAAAAAAP9tjTESgjAQRT84FraWHiIMhZVjZZuh8QQRYgxkdjFZhMoTeTXvICMzVv7qv9e81xvrFHHk6FRrqfOUaq/6MLj5qZFjdw08qpYvqmZKHKyq7FhxY08LViwWy7IcK42NpTpw8uQEW92ahymCIVecJc7uoJH75o4nMj2XxUT5whSxuw1NYvp1/gYw9b0gL0tBtv8AozIimL0AAAA=[0m[Pipeline] // stage
[8mha:////4CJr2pa6ae0a+4GnjlFFFisvo64D4czXfd3p4YtEiT6UAAAAox+LCAAAAAAAAP9tjTEOwjAQBDdBFLSUPMIRiA5R0VppeIFJjHFi3QX7QlLxIr7GH4iIRMVWO9PM641lijhydKqx1HpKlVdd6N301MCxvQYeVMMXVTElDlaVdii5tqcZSxaLeVmOhcbKUhU4eXKCtW7MwxTBkCvOEid30Mh9fccTmZ7KYqJ8YYzY3Po6Mf06fwMYu06Qb3eCbP8B5XiFqL0AAAA=[0m[Pipeline] }
[8mha:////4MNtCDJOs1JreXjuwNJxhriuQbSCnMjXsX+rOSafnz0kAAAAoh+LCAAAAAAAAP9tjbEOgjAURS8YB1dHP6LEMBon14bFL6hQa6F5D9uHMPlF/pr/IJHEyTvdc5bzemOdIo4cnWotdZ5S7VUfBjc/NXLsroFH1fJF1UyJg1WVHStu7GnBisViWZZjpbGxVAdOnpxgq1vzMEUw5IqzxNkdNHLf3PFEpueymChfmCJ2t6FJTL/O3wCmvhfk+1KQlR/2xIELvQAAAA==[0m[Pipeline] // node
[8mha:////4OptYiPChYsfzaJYhI6IY4fxLALj7naTSAGmYaYgnwL+AAAAox+LCAAAAAAAAP9tjTEOwjAQBDdBFLSUPMIRiA5R0VppeIFJjHFi3QX7QlLxIr7GH4iIRMVWO9PM641lijhydKqx1HpKlVdd6N301MCxvQYeVMMXVTElDlaVdii5tqcZSxaLeVmOhcbKUhU4eXKCtW7MwxTBkCvOEid30Mh9fccTmZ7KYqJ8YYzY3Po6Mf06fwMYu06Qb/eCbPcBcCimzr0AAAA=[0m[Pipeline] End of Pipeline
ERROR: script returned exit code 1
Finished: FAILURE
